#
# There is insufficient memory for the Java Runtime Environment to continue.
# Native memory allocation (mmap) failed to map 7340032 bytes for G1 virtual space
# Possible reasons:
#   The system is out of physical RAM or swap space
#   The process is running with CompressedOops enabled, and the Java Heap may be blocking the growth of the native heap
# Possible solutions:
#   Reduce memory load on the system
#   Increase physical memory or swap space
#   Check if swap backing store is full
#   Decrease Java heap size (-Xmx/-Xms)
#   Decrease number of Java threads
#   Decrease Java thread stack sizes (-Xss)
#   Set larger code cache with -XX:ReservedCodeCacheSize=
#   JVM is running with Unscaled Compressed Oops mode in which the Java heap is
#     placed in the first 4GB address space. The Java Heap base address is the
#     maximum limit for the native heap growth. Please use -XX:HeapBaseMinAddress
#     to set the Java Heap base and to place the Java Heap above 4GB virtual address.
# This output file may be truncated or incomplete.
#
#  Out of Memory Error (os_windows.cpp:3769), pid=25336, tid=14992
#
# JRE version: OpenJDK Runtime Environment (17.0.6) (build 17.0.6+0-b2043.56-9586694)
# Java VM: OpenJDK 64-Bit Server VM (17.0.6+0-b2043.56-9586694, mixed mode, tiered, compressed oops, compressed class ptrs, g1 gc, windows-amd64)
# No core dump will be written. Minidumps are not enabled by default on client versions of Windows
#

---------------  S U M M A R Y ------------

Command Line: --add-opens=java.base/java.util=ALL-UNNAMED --add-opens=java.base/java.lang=ALL-UNNAMED --add-opens=java.base/java.lang.invoke=ALL-UNNAMED --add-opens=java.prefs/java.util.prefs=ALL-UNNAMED --add-opens=java.base/java.nio.charset=ALL-UNNAMED --add-opens=java.base/java.net=ALL-UNNAMED --add-opens=java.base/java.util.concurrent.atomic=ALL-UNNAMED -Xmx2048m -Dfile.encoding=UTF-8 -Duser.country=UA -Duser.language=uk -Duser.variant org.gradle.launcher.daemon.bootstrap.GradleDaemon 8.0

Host: Intel(R) Pentium(R) CPU 6805 @ 1.10GHz, 4 cores, 7G,  Windows 10 , 64 bit Build 19041 (10.0.19041.3155)
Time: Thu Jul 20 21:11:06 2023  Windows 10 , 64 bit Build 19041 (10.0.19041.3155) elapsed time: 72.077709 seconds (0d 0h 1m 12s)

---------------  T H R E A D  ---------------

Current thread (0x000001ea6d625f60):  VMThread "VM Thread" [stack: 0x000000e58c000000,0x000000e58c100000] [id=14992]

Stack: [0x000000e58c000000,0x000000e58c100000]
Native frames: (J=compiled Java code, j=interpreted, Vv=VM code, C=native code)
V  [jvm.dll+0x683b4a]
V  [jvm.dll+0x842654]
V  [jvm.dll+0x843dfe]
V  [jvm.dll+0x844463]
V  [jvm.dll+0x249b75]
V  [jvm.dll+0x680a19]
V  [jvm.dll+0x674f0a]
V  [jvm.dll+0x309acb]
V  [jvm.dll+0x310f86]
V  [jvm.dll+0x3608ee]
V  [jvm.dll+0x360b1f]
V  [jvm.dll+0x2dfbf8]
V  [jvm.dll+0x2e2ce6]
V  [jvm.dll+0x2ed478]
V  [jvm.dll+0x322150]
V  [jvm.dll+0x84893b]
V  [jvm.dll+0x849674]
V  [jvm.dll+0x849b8d]
V  [jvm.dll+0x849f64]
V  [jvm.dll+0x84a030]
V  [jvm.dll+0x7f25fa]
V  [jvm.dll+0x682985]
C  [ucrtbase.dll+0x21bb2]
C  [KERNEL32.DLL+0x17614]
C  [ntdll.dll+0x526b1]

VM_Operation (0x000000e58bcff510): G1Concurrent, mode: safepoint, requested by thread 0x000001ea540e79e0


---------------  P R O C E S S  ---------------

Threads class SMR info:
_java_thread_list=0x000001ea7329fec0, length=95, elements={
0x000001ea540787d0, 0x000001ea6d62a950, 0x000001ea6d62b410, 0x000001ea6d64d940,
0x000001ea6d64e400, 0x000001ea6d650cd0, 0x000001ea6d651590, 0x000001ea6d678cf0,
0x000001ea6d6795f0, 0x000001ea6e01cfb0, 0x000001ea6e187140, 0x000001ea6e187a20,
0x000001ea6f42ec00, 0x000001ea6fa70920, 0x000001ea6fa34680, 0x000001ea70b4d7e0,
0x000001ea6eeb2ef0, 0x000001ea7094c3e0, 0x000001ea6fba0e30, 0x000001ea70d3c260,
0x000001ea6ee6d8e0, 0x000001ea6ee6c0d0, 0x000001ea6ee6bc00, 0x000001ea6ee6e280,
0x000001ea6ee6ddb0, 0x000001ea6ee6e750, 0x000001ea6ee6ec20, 0x000001ea6ee6f0f0,
0x000001ea6ee6b730, 0x000001ea6ee6c5a0, 0x000001ea6ee6cf40, 0x000001ea70a3ed40,
0x000001ea70a3f210, 0x000001ea70a3d530, 0x000001ea70a40550, 0x000001ea70a3d060,
0x000001ea70a3f6e0, 0x000001ea70a3fbb0, 0x000001ea70a3da00, 0x000001ea6f078770,
0x000001ea6f079110, 0x000001ea6f079f80, 0x000001ea6f076f60, 0x000001ea6f07c600,
0x000001ea6f07d470, 0x000001ea6f07c130, 0x000001ea6f079ab0, 0x000001ea6f077900,
0x000001ea6f078c40, 0x000001ea6f07b2c0, 0x000001ea6f07a450, 0x000001ea6f0795e0,
0x000001ea6f07a920, 0x000001ea6f077dd0, 0x000001ea6f07adf0, 0x000001ea6f0782a0,
0x000001ea6f07d940, 0x000001ea6f07cfa0, 0x000001ea6f07cad0, 0x000001ea6f07b790,
0x000001ea6f07bc60, 0x000001ea6f07de10, 0x000001ea6f077430, 0x000001ea6f07e2e0,
0x000001ea6f076a90, 0x000001ea725bb910, 0x000001ea725baf70, 0x000001ea725bc2b0,
0x000001ea725bd120, 0x000001ea725bbde0, 0x000001ea725bd5f0, 0x000001ea725ba5d0,
0x000001ea725baaa0, 0x000001ea725bc780, 0x000001ea725bcc50, 0x000001ea725b9c30,
0x000001ea725bb440, 0x000001ea725ba100, 0x000001ea7252bf00, 0x000001ea72532410,
0x000001ea725315a0, 0x000001ea7252b560, 0x000001ea72531a70, 0x000001ea7252c3d0,
0x000001ea7252cd70, 0x000001ea773ad590, 0x000001ea75bb1770, 0x000001ea75bb1c40,
0x000001ea770c9690, 0x000001ea773ada60, 0x000001ea729b8880, 0x000001ea729b7540,
0x000001ea770c8350, 0x000001ea770ca030, 0x000001ea770cbd10
}

Java Threads: ( => current thread )
  0x000001ea540787d0 JavaThread "main" [_thread_blocked, id=16832, stack(0x000000e58ba00000,0x000000e58bb00000)]
  0x000001ea6d62a950 JavaThread "Reference Handler" daemon [_thread_blocked, id=13764, stack(0x000000e58c100000,0x000000e58c200000)]
  0x000001ea6d62b410 JavaThread "Finalizer" daemon [_thread_blocked, id=18972, stack(0x000000e58c200000,0x000000e58c300000)]
  0x000001ea6d64d940 JavaThread "Signal Dispatcher" daemon [_thread_blocked, id=18196, stack(0x000000e58c300000,0x000000e58c400000)]
  0x000001ea6d64e400 JavaThread "Attach Listener" daemon [_thread_blocked, id=24692, stack(0x000000e58c400000,0x000000e58c500000)]
  0x000001ea6d650cd0 JavaThread "Service Thread" daemon [_thread_blocked, id=24264, stack(0x000000e58c500000,0x000000e58c600000)]
  0x000001ea6d651590 JavaThread "Monitor Deflation Thread" daemon [_thread_blocked, id=9812, stack(0x000000e58c600000,0x000000e58c700000)]
  0x000001ea6d678cf0 JavaThread "C2 CompilerThread0" daemon [_thread_blocked, id=19860, stack(0x000000e58c700000,0x000000e58c800000)]
  0x000001ea6d6795f0 JavaThread "C1 CompilerThread0" daemon [_thread_blocked, id=11400, stack(0x000000e58c800000,0x000000e58c900000)]
  0x000001ea6e01cfb0 JavaThread "Sweeper thread" daemon [_thread_blocked, id=19236, stack(0x000000e58c900000,0x000000e58ca00000)]
  0x000001ea6e187140 JavaThread "Common-Cleaner" daemon [_thread_blocked, id=16592, stack(0x000000e58ca00000,0x000000e58cb00000)]
  0x000001ea6e187a20 JavaThread "Notification Thread" daemon [_thread_blocked, id=17812, stack(0x000000e58cb00000,0x000000e58cc00000)]
  0x000001ea6f42ec00 JavaThread "Daemon health stats" [_thread_blocked, id=22136, stack(0x000000e58d000000,0x000000e58d100000)]
  0x000001ea6fa70920 JavaThread "Incoming local TCP Connector on port 57521" [_thread_in_native, id=3824, stack(0x000000e58d100000,0x000000e58d200000)]
  0x000001ea6fa34680 JavaThread "Daemon periodic checks" [_thread_blocked, id=19780, stack(0x000000e58d200000,0x000000e58d300000)]
  0x000001ea70b4d7e0 JavaThread "Daemon" [_thread_blocked, id=22992, stack(0x000000e58d300000,0x000000e58d400000)]
  0x000001ea6eeb2ef0 JavaThread "Handler for socket connection from /127.0.0.1:57521 to /127.0.0.1:57524" [_thread_in_native, id=20568, stack(0x000000e58d400000,0x000000e58d500000)]
  0x000001ea7094c3e0 JavaThread "Cancel handler" [_thread_blocked, id=10000, stack(0x000000e58d500000,0x000000e58d600000)]
  0x000001ea6fba0e30 JavaThread "Daemon worker" [_thread_blocked, id=24256, stack(0x000000e58d600000,0x000000e58d700000)]
  0x000001ea70d3c260 JavaThread "Asynchronous log dispatcher for DefaultDaemonConnection: socket connection from /127.0.0.1:57521 to /127.0.0.1:57524" [_thread_blocked, id=19412, stack(0x000000e58d700000,0x000000e58d800000)]
  0x000001ea6ee6d8e0 JavaThread "Daemon client event forwarder" [_thread_blocked, id=13536, stack(0x000000e58d900000,0x000000e58da00000)]
  0x000001ea6ee6c0d0 JavaThread "Cache worker for journal cache (C:\Users\User\.gradle\caches\journal-1)" [_thread_blocked, id=23620, stack(0x000000e58da00000,0x000000e58db00000)]
  0x000001ea6ee6bc00 JavaThread "File lock request listener" [_thread_in_native, id=15140, stack(0x000000e58db00000,0x000000e58dc00000)]
  0x000001ea6ee6e280 JavaThread "Cache worker for file hash cache (C:\Users\User\.gradle\caches\8.0\fileHashes)" [_thread_blocked, id=25344, stack(0x000000e58dc00000,0x000000e58dd00000)]
  0x000001ea6ee6ddb0 JavaThread "File watcher server" daemon [_thread_blocked, id=15488, stack(0x000000e58dd00000,0x000000e58de00000)]
  0x000001ea6ee6e750 JavaThread "File watcher consumer" daemon [_thread_blocked, id=1088, stack(0x000000e58de00000,0x000000e58df00000)]
  0x000001ea6ee6ec20 JavaThread "Cache worker for checksums cache (D:\AndroidStudioProjects\AwesomeChat\.gradle\8.0\checksums)" [_thread_blocked, id=6072, stack(0x000000e58df00000,0x000000e58e000000)]
  0x000001ea6ee6f0f0 JavaThread "Cache worker for cache directory md-rule (C:\Users\User\.gradle\caches\8.0\md-rule)" [_thread_blocked, id=16184, stack(0x000000e58e000000,0x000000e58e100000)]
  0x000001ea6ee6b730 JavaThread "Cache worker for file content cache (C:\Users\User\.gradle\caches\8.0\fileContent)" [_thread_blocked, id=944, stack(0x000000e58e100000,0x000000e58e200000)]
  0x000001ea6ee6c5a0 JavaThread "Cache worker for file hash cache (D:\AndroidStudioProjects\AwesomeChat\.gradle\8.0\fileHashes)" [_thread_blocked, id=17928, stack(0x000000e58e200000,0x000000e58e300000)]
  0x000001ea6ee6cf40 JavaThread "Cache worker for cache directory md-supplier (C:\Users\User\.gradle\caches\8.0\md-supplier)" [_thread_blocked, id=14452, stack(0x000000e58e300000,0x000000e58e400000)]
  0x000001ea70a3ed40 JavaThread "Cache worker for execution history cache (C:\Users\User\.gradle\caches\8.0\executionHistory)" [_thread_blocked, id=19964, stack(0x000000e58e400000,0x000000e58e500000)]
  0x000001ea70a3f210 JavaThread "jar transforms" [_thread_blocked, id=17552, stack(0x000000e58e500000,0x000000e58e600000)]
  0x000001ea70a3d530 JavaThread "jar transforms Thread 2" [_thread_blocked, id=10932, stack(0x000000e58e600000,0x000000e58e700000)]
  0x000001ea70a40550 JavaThread "jar transforms Thread 3" [_thread_blocked, id=15892, stack(0x000000e58e800000,0x000000e58e900000)]
  0x000001ea70a3d060 JavaThread "jar transforms Thread 4" [_thread_blocked, id=1100, stack(0x000000e58e900000,0x000000e58ea00000)]
  0x000001ea70a3f6e0 JavaThread "Cache worker for dependencies-accessors (D:\AndroidStudioProjects\AwesomeChat\.gradle\8.0\dependencies-accessors)" [_thread_blocked, id=16912, stack(0x000000e58ea00000,0x000000e58eb00000)]
  0x000001ea70a3fbb0 JavaThread "Cache worker for Build Output Cleanup Cache (D:\AndroidStudioProjects\AwesomeChat\.gradle\buildOutputCleanup)" [_thread_blocked, id=2332, stack(0x000000e58eb00000,0x000000e58ec00000)]
  0x000001ea70a3da00 JavaThread "Unconstrained build operations" [_thread_blocked, id=22088, stack(0x000000e58ed00000,0x000000e58ee00000)]
  0x000001ea6f078770 JavaThread "Unconstrained build operations Thread 2" [_thread_blocked, id=1752, stack(0x000000e58ee00000,0x000000e58ef00000)]
  0x000001ea6f079110 JavaThread "Unconstrained build operations Thread 3" [_thread_blocked, id=1720, stack(0x000000e58ef00000,0x000000e58f000000)]
  0x000001ea6f079f80 JavaThread "Unconstrained build operations Thread 4" [_thread_blocked, id=23652, stack(0x000000e58f000000,0x000000e58f100000)]
  0x000001ea6f076f60 JavaThread "Unconstrained build operations Thread 5" [_thread_blocked, id=5708, stack(0x000000e58f100000,0x000000e58f200000)]
  0x000001ea6f07c600 JavaThread "Unconstrained build operations Thread 6" [_thread_blocked, id=22004, stack(0x000000e58f200000,0x000000e58f300000)]
  0x000001ea6f07d470 JavaThread "Unconstrained build operations Thread 7" [_thread_blocked, id=21804, stack(0x000000e58f300000,0x000000e58f400000)]
  0x000001ea6f07c130 JavaThread "Unconstrained build operations Thread 8" [_thread_blocked, id=17664, stack(0x000000e58f400000,0x000000e58f500000)]
  0x000001ea6f079ab0 JavaThread "Unconstrained build operations Thread 9" [_thread_blocked, id=1156, stack(0x000000e58f500000,0x000000e58f600000)]
  0x000001ea6f077900 JavaThread "Unconstrained build operations Thread 10" [_thread_blocked, id=4352, stack(0x000000e58f600000,0x000000e58f700000)]
  0x000001ea6f078c40 JavaThread "Unconstrained build operations Thread 11" [_thread_blocked, id=7316, stack(0x000000e58f700000,0x000000e58f800000)]
  0x000001ea6f07b2c0 JavaThread "Unconstrained build operations Thread 12" [_thread_blocked, id=22464, stack(0x000000e58f800000,0x000000e58f900000)]
  0x000001ea6f07a450 JavaThread "Unconstrained build operations Thread 13" [_thread_blocked, id=21636, stack(0x000000e58f900000,0x000000e58fa00000)]
  0x000001ea6f0795e0 JavaThread "Unconstrained build operations Thread 14" [_thread_blocked, id=7700, stack(0x000000e58fa00000,0x000000e58fb00000)]
  0x000001ea6f07a920 JavaThread "Unconstrained build operations Thread 15" [_thread_blocked, id=18016, stack(0x000000e58fb00000,0x000000e58fc00000)]
  0x000001ea6f077dd0 JavaThread "Unconstrained build operations Thread 16" [_thread_blocked, id=24772, stack(0x000000e58fc00000,0x000000e58fd00000)]
  0x000001ea6f07adf0 JavaThread "Unconstrained build operations Thread 17" [_thread_blocked, id=25204, stack(0x000000e58fd00000,0x000000e58fe00000)]
  0x000001ea6f0782a0 JavaThread "Unconstrained build operations Thread 18" [_thread_blocked, id=24700, stack(0x000000e58fe00000,0x000000e58ff00000)]
  0x000001ea6f07d940 JavaThread "Unconstrained build operations Thread 19" [_thread_blocked, id=12664, stack(0x000000e58ff00000,0x000000e590000000)]
  0x000001ea6f07cfa0 JavaThread "Unconstrained build operations Thread 20" [_thread_blocked, id=24392, stack(0x000000e590000000,0x000000e590100000)]
  0x000001ea6f07cad0 JavaThread "Unconstrained build operations Thread 21" [_thread_blocked, id=24796, stack(0x000000e590100000,0x000000e590200000)]
  0x000001ea6f07b790 JavaThread "Unconstrained build operations Thread 22" [_thread_blocked, id=24328, stack(0x000000e590200000,0x000000e590300000)]
  0x000001ea6f07bc60 JavaThread "Unconstrained build operations Thread 23" [_thread_blocked, id=22696, stack(0x000000e590300000,0x000000e590400000)]
  0x000001ea6f07de10 JavaThread "Unconstrained build operations Thread 24" [_thread_blocked, id=2360, stack(0x000000e590400000,0x000000e590500000)]
  0x000001ea6f077430 JavaThread "Unconstrained build operations Thread 25" [_thread_blocked, id=13460, stack(0x000000e590500000,0x000000e590600000)]
  0x000001ea6f07e2e0 JavaThread "Unconstrained build operations Thread 26" [_thread_blocked, id=11076, stack(0x000000e590600000,0x000000e590700000)]
  0x000001ea6f076a90 JavaThread "Unconstrained build operations Thread 27" [_thread_blocked, id=18184, stack(0x000000e590700000,0x000000e590800000)]
  0x000001ea725bb910 JavaThread "Unconstrained build operations Thread 28" [_thread_blocked, id=6864, stack(0x000000e590800000,0x000000e590900000)]
  0x000001ea725baf70 JavaThread "Unconstrained build operations Thread 29" [_thread_blocked, id=17952, stack(0x000000e590900000,0x000000e590a00000)]
  0x000001ea725bc2b0 JavaThread "Unconstrained build operations Thread 30" [_thread_blocked, id=12504, stack(0x000000e590a00000,0x000000e590b00000)]
  0x000001ea725bd120 JavaThread "Unconstrained build operations Thread 31" [_thread_blocked, id=23228, stack(0x000000e590b00000,0x000000e590c00000)]
  0x000001ea725bbde0 JavaThread "Unconstrained build operations Thread 32" [_thread_blocked, id=21048, stack(0x000000e590c00000,0x000000e590d00000)]
  0x000001ea725bd5f0 JavaThread "Unconstrained build operations Thread 33" [_thread_blocked, id=17240, stack(0x000000e590d00000,0x000000e590e00000)]
  0x000001ea725ba5d0 JavaThread "Unconstrained build operations Thread 34" [_thread_blocked, id=2992, stack(0x000000e590e00000,0x000000e590f00000)]
  0x000001ea725baaa0 JavaThread "Unconstrained build operations Thread 35" [_thread_blocked, id=6356, stack(0x000000e590f00000,0x000000e591000000)]
  0x000001ea725bc780 JavaThread "Unconstrained build operations Thread 36" [_thread_blocked, id=23104, stack(0x000000e591000000,0x000000e591100000)]
  0x000001ea725bcc50 JavaThread "Unconstrained build operations Thread 37" [_thread_blocked, id=1500, stack(0x000000e591100000,0x000000e591200000)]
  0x000001ea725b9c30 JavaThread "Unconstrained build operations Thread 38" [_thread_blocked, id=4576, stack(0x000000e591200000,0x000000e591300000)]
  0x000001ea725bb440 JavaThread "Unconstrained build operations Thread 39" [_thread_blocked, id=23728, stack(0x000000e591300000,0x000000e591400000)]
  0x000001ea725ba100 JavaThread "Unconstrained build operations Thread 40" [_thread_blocked, id=25348, stack(0x000000e591400000,0x000000e591500000)]
  0x000001ea7252bf00 JavaThread "build event listener" [_thread_blocked, id=20752, stack(0x000000e591500000,0x000000e591600000)]
  0x000001ea72532410 JavaThread "Memory manager" [_thread_blocked, id=896, stack(0x000000e591600000,0x000000e591700000)]
  0x000001ea725315a0 JavaThread "included builds" [_thread_blocked, id=12240, stack(0x000000e591900000,0x000000e591a00000)]
  0x000001ea7252b560 JavaThread "Execution worker" [_thread_blocked, id=25152, stack(0x000000e591a00000,0x000000e591b00000)]
  0x000001ea72531a70 JavaThread "Execution worker Thread 2" [_thread_blocked, id=25312, stack(0x000000e591b00000,0x000000e591c00000)]
  0x000001ea7252c3d0 JavaThread "Execution worker Thread 3" [_thread_blocked, id=8920, stack(0x000000e591c00000,0x000000e591d00000)]
  0x000001ea7252cd70 JavaThread "Cache worker for execution history cache (D:\AndroidStudioProjects\AwesomeChat\.gradle\8.0\executionHistory)" [_thread_blocked, id=5576, stack(0x000000e591d00000,0x000000e591e00000)]
  0x000001ea773ad590 JavaThread "Cache worker for Java compile cache (C:\Users\User\.gradle\caches\8.0\javaCompile)" [_thread_blocked, id=22404, stack(0x000000e591e00000,0x000000e591f00000)]
  0x000001ea75bb1770 JavaThread "Build operations" [_thread_blocked, id=13912, stack(0x000000e591f00000,0x000000e592000000)]
  0x000001ea75bb1c40 JavaThread "Build operations Thread 2" [_thread_blocked, id=16756, stack(0x000000e592000000,0x000000e592100000)]
  0x000001ea770c9690 JavaThread "Build operations Thread 3" [_thread_blocked, id=25052, stack(0x000000e592100000,0x000000e592200000)]
  0x000001ea773ada60 JavaThread "Build operations Thread 4" [_thread_blocked, id=22612, stack(0x000000e592200000,0x000000e592300000)]
  0x000001ea729b8880 JavaThread "WorkerExecutor Queue" [_thread_blocked, id=25404, stack(0x000000e58b800000,0x000000e58b900000)]
  0x000001ea729b7540 JavaThread "WorkerExecutor Queue Thread 2" [_thread_blocked, id=12560, stack(0x000000e58b900000,0x000000e58ba00000)]
  0x000001ea770c8350 JavaThread "WorkerExecutor Queue Thread 3" [_thread_blocked, id=25416, stack(0x000000e58d800000,0x000000e58d900000)]
  0x000001ea770ca030 JavaThread "WorkerExecutor Queue Thread 4" [_thread_blocked, id=21584, stack(0x000000e592300000,0x000000e592400000)]
  0x000001ea770cbd10 JavaThread "WorkerExecutor Queue Thread 6" [_thread_blocked, id=13816, stack(0x000000e592400000,0x000000e592500000)]

Other Threads:
=>0x000001ea6d625f60 VMThread "VM Thread" [stack: 0x000000e58c000000,0x000000e58c100000] [id=14992]
  0x000001ea6e187ef0 WatcherThread [stack: 0x000000e58cc00000,0x000000e58cd00000] [id=21268]
  0x000001ea540d6b90 GCTaskThread "GC Thread#0" [stack: 0x000000e58bb00000,0x000000e58bc00000] [id=16216]
  0x000001ea6e98f070 GCTaskThread "GC Thread#1" [stack: 0x000000e58ce00000,0x000000e58cf00000] [id=24792]
  0x000001ea6e70b1a0 GCTaskThread "GC Thread#2" [stack: 0x000000e58cf00000,0x000000e58d000000] [id=18960]
  0x000001ea6ebdbe90 GCTaskThread "GC Thread#3" [stack: 0x000000e58cd00000,0x000000e58ce00000] [id=18392]
  0x000001ea540e79e0 ConcurrentGCThread "G1 Main Marker" [stack: 0x000000e58bc00000,0x000000e58bd00000] [id=25180]
  0x000001ea540e8300 ConcurrentGCThread "G1 Conc#0" [stack: 0x000000e58bd00000,0x000000e58be00000] [id=19732]
  0x000001ea6d4910a0 ConcurrentGCThread "G1 Refine#0" [stack: 0x000000e58be00000,0x000000e58bf00000] [id=24520]
  0x000001ea6fa54640 ConcurrentGCThread "G1 Refine#1" [stack: 0x000000e58e700000,0x000000e58e800000] [id=25172]
  0x000001ea7566c1f0 ConcurrentGCThread "G1 Refine#2" [stack: 0x000000e58b700000,0x000000e58b800000] [id=16644]
  0x000001ea6d4919d0 ConcurrentGCThread "G1 Service" [stack: 0x000000e58bf00000,0x000000e58c000000] [id=22048]

Threads with active compile tasks:

VM state: at safepoint (normal execution)

VM Mutex/Monitor currently owned by a thread:  ([mutex/lock_event])
[0x000001ea54072c50] Threads_lock - owner thread: 0x000001ea6d625f60
[0x000001ea54073a60] Heap_lock - owner thread: 0x000001ea540e79e0

Heap address: 0x0000000080000000, size: 2048 MB, Compressed Oops mode: 32-bit

CDS archive(s) not mapped
Compressed class space mapped at: 0x0000000100000000-0x0000000140000000, reserved size: 1073741824
Narrow klass base: 0x0000000000000000, Narrow klass shift: 3, Narrow klass range: 0x140000000

GC Precious Log:
 CPUs: 4 total, 4 available
 Memory: 7930M
 Large Page Support: Disabled
 NUMA Support: Disabled
 Compressed Oops: Enabled (32-bit)
 Heap Region Size: 1M
 Heap Min Capacity: 8M
 Heap Initial Capacity: 124M
 Heap Max Capacity: 2G
 Pre-touch: Disabled
 Parallel Workers: 4
 Concurrent Workers: 1
 Concurrent Refinement Workers: 4
 Periodic GC: Disabled

Heap:
 garbage-first heap   total 194560K, used 119447K [0x0000000080000000, 0x0000000100000000)
  region size 1024K, 9 young (9216K), 3 survivors (3072K)
 Metaspace       used 116714K, committed 117376K, reserved 1155072K
  class space    used 16026K, committed 16320K, reserved 1048576K

Heap Regions: E=young(eden), S=young(survivor), O=old, HS=humongous(starts), HC=humongous(continues), CS=collection set, F=free, OA=open archive, CA=closed archive, TAMS=top-at-mark-start (previous, next)
|   0|0x0000000080000000, 0x0000000080100000, 0x0000000080100000|100%| O|  |TAMS 0x0000000080100000, 0x0000000080000000| Untracked 
|   1|0x0000000080100000, 0x0000000080200000, 0x0000000080200000|100%| O|  |TAMS 0x0000000080200000, 0x0000000080100000| Updating 
|   2|0x0000000080200000, 0x0000000080300000, 0x0000000080300000|100%|HS|  |TAMS 0x0000000080300000, 0x0000000080200000| Complete 
|   3|0x0000000080300000, 0x0000000080400000, 0x0000000080400000|100%|HC|  |TAMS 0x0000000080400000, 0x0000000080300000| Complete 
|   4|0x0000000080400000, 0x0000000080500000, 0x0000000080500000|100%|HC|  |TAMS 0x0000000080500000, 0x0000000080400000| Complete 
|   5|0x0000000080500000, 0x0000000080600000, 0x0000000080600000|100%|HC|  |TAMS 0x0000000080600000, 0x0000000080500000| Complete 
|   6|0x0000000080600000, 0x0000000080700000, 0x0000000080700000|100%| O|  |TAMS 0x0000000080700000, 0x0000000080600000| Untracked 
|   7|0x0000000080700000, 0x0000000080800000, 0x0000000080800000|100%| O|  |TAMS 0x0000000080800000, 0x0000000080700000| Untracked 
|   8|0x0000000080800000, 0x0000000080900000, 0x0000000080900000|100%| O|  |TAMS 0x0000000080900000, 0x0000000080800000| Untracked 
|   9|0x0000000080900000, 0x0000000080a00000, 0x0000000080a00000|100%| O|  |TAMS 0x0000000080a00000, 0x0000000080900000| Updating 
|  10|0x0000000080a00000, 0x0000000080b00000, 0x0000000080b00000|100%| O|  |TAMS 0x0000000080b00000, 0x0000000080a00000| Untracked 
|  11|0x0000000080b00000, 0x0000000080c00000, 0x0000000080c00000|100%| O|  |TAMS 0x0000000080c00000, 0x0000000080b00000| Untracked 
|  12|0x0000000080c00000, 0x0000000080d00000, 0x0000000080d00000|100%| O|  |TAMS 0x0000000080d00000, 0x0000000080c00000| Untracked 
|  13|0x0000000080d00000, 0x0000000080e00000, 0x0000000080e00000|100%| O|  |TAMS 0x0000000080e00000, 0x0000000080d00000| Untracked 
|  14|0x0000000080e00000, 0x0000000080f00000, 0x0000000080f00000|100%| O|  |TAMS 0x0000000080f00000, 0x0000000080e00000| Updating 
|  15|0x0000000080f00000, 0x0000000081000000, 0x0000000081000000|100%| O|  |TAMS 0x0000000081000000, 0x0000000080f00000| Untracked 
|  16|0x0000000081000000, 0x0000000081100000, 0x0000000081100000|100%| O|  |TAMS 0x0000000081100000, 0x0000000081000000| Untracked 
|  17|0x0000000081100000, 0x0000000081200000, 0x0000000081200000|100%| O|  |TAMS 0x0000000081200000, 0x0000000081100000| Untracked 
|  18|0x0000000081200000, 0x0000000081300000, 0x0000000081300000|100%| O|  |TAMS 0x0000000081300000, 0x0000000081200000| Untracked 
|  19|0x0000000081300000, 0x0000000081400000, 0x0000000081400000|100%| O|  |TAMS 0x0000000081400000, 0x0000000081300000| Untracked 
|  20|0x0000000081400000, 0x0000000081500000, 0x0000000081500000|100%| O|  |TAMS 0x0000000081500000, 0x0000000081400000| Updating 
|  21|0x0000000081500000, 0x0000000081600000, 0x0000000081600000|100%| O|  |TAMS 0x0000000081600000, 0x0000000081500000| Untracked 
|  22|0x0000000081600000, 0x0000000081700000, 0x0000000081700000|100%| O|  |TAMS 0x0000000081700000, 0x0000000081600000| Untracked 
|  23|0x0000000081700000, 0x0000000081800000, 0x0000000081800000|100%| O|  |TAMS 0x0000000081800000, 0x0000000081700000| Untracked 
|  24|0x0000000081800000, 0x0000000081900000, 0x0000000081900000|100%| O|  |TAMS 0x0000000081900000, 0x0000000081800000| Updating 
|  25|0x0000000081900000, 0x0000000081a00000, 0x0000000081a00000|100%| O|  |TAMS 0x0000000081a00000, 0x0000000081900000| Untracked 
|  26|0x0000000081a00000, 0x0000000081b00000, 0x0000000081b00000|100%| O|  |TAMS 0x0000000081b00000, 0x0000000081a00000| Updating 
|  27|0x0000000081b00000, 0x0000000081c00000, 0x0000000081c00000|100%| O|  |TAMS 0x0000000081c00000, 0x0000000081b00000| Untracked 
|  28|0x0000000081c00000, 0x0000000081d00000, 0x0000000081d00000|100%| O|  |TAMS 0x0000000081d00000, 0x0000000081c00000| Untracked 
|  29|0x0000000081d00000, 0x0000000081e00000, 0x0000000081e00000|100%| O|  |TAMS 0x0000000081e00000, 0x0000000081d00000| Untracked 
|  30|0x0000000081e00000, 0x0000000081f00000, 0x0000000081f00000|100%| O|  |TAMS 0x0000000081f00000, 0x0000000081e00000| Untracked 
|  31|0x0000000081f00000, 0x0000000082000000, 0x0000000082000000|100%| O|  |TAMS 0x0000000082000000, 0x0000000081f00000| Untracked 
|  32|0x0000000082000000, 0x0000000082100000, 0x0000000082100000|100%| O|  |TAMS 0x0000000082100000, 0x0000000082000000| Updating 
|  33|0x0000000082100000, 0x0000000082200000, 0x0000000082200000|100%| O|  |TAMS 0x0000000082200000, 0x0000000082100000| Updating 
|  34|0x0000000082200000, 0x0000000082300000, 0x0000000082300000|100%| O|  |TAMS 0x0000000082300000, 0x0000000082200000| Untracked 
|  35|0x0000000082300000, 0x0000000082400000, 0x0000000082400000|100%| O|  |TAMS 0x0000000082400000, 0x0000000082300000| Untracked 
|  36|0x0000000082400000, 0x0000000082500000, 0x0000000082500000|100%| O|  |TAMS 0x0000000082500000, 0x0000000082400000| Untracked 
|  37|0x0000000082500000, 0x0000000082600000, 0x0000000082600000|100%| O|  |TAMS 0x0000000082600000, 0x0000000082500000| Untracked 
|  38|0x0000000082600000, 0x0000000082700000, 0x0000000082700000|100%| O|  |TAMS 0x0000000082700000, 0x0000000082600000| Untracked 
|  39|0x0000000082700000, 0x0000000082800000, 0x0000000082800000|100%| O|  |TAMS 0x0000000082800000, 0x0000000082700000| Updating 
|  40|0x0000000082800000, 0x0000000082900000, 0x0000000082900000|100%|HS|  |TAMS 0x0000000082900000, 0x0000000082800000| Complete 
|  41|0x0000000082900000, 0x0000000082a00000, 0x0000000082a00000|100%|HS|  |TAMS 0x0000000082a00000, 0x0000000082900000| Complete 
|  42|0x0000000082a00000, 0x0000000082b00000, 0x0000000082b00000|100%| O|  |TAMS 0x0000000082b00000, 0x0000000082a00000| Untracked 
|  43|0x0000000082b00000, 0x0000000082c00000, 0x0000000082c00000|100%| O|  |TAMS 0x0000000082c00000, 0x0000000082b00000| Untracked 
|  44|0x0000000082c00000, 0x0000000082d00000, 0x0000000082d00000|100%| O|  |TAMS 0x0000000082d00000, 0x0000000082c00000| Untracked 
|  45|0x0000000082d00000, 0x0000000082e00000, 0x0000000082e00000|100%| O|  |TAMS 0x0000000082e00000, 0x0000000082d00000| Untracked 
|  46|0x0000000082e00000, 0x0000000082f00000, 0x0000000082f00000|100%| O|  |TAMS 0x0000000082f00000, 0x0000000082e00000| Untracked 
|  47|0x0000000082f00000, 0x0000000083000000, 0x0000000083000000|100%| O|  |TAMS 0x0000000083000000, 0x0000000082f00000| Updating 
|  48|0x0000000083000000, 0x0000000083100000, 0x0000000083100000|100%| O|  |TAMS 0x0000000083100000, 0x0000000083000000| Untracked 
|  49|0x0000000083100000, 0x0000000083200000, 0x0000000083200000|100%| O|  |TAMS 0x0000000083200000, 0x0000000083100000| Untracked 
|  50|0x0000000083200000, 0x0000000083300000, 0x0000000083300000|100%| O|  |TAMS 0x0000000083300000, 0x0000000083200000| Untracked 
|  51|0x0000000083300000, 0x0000000083400000, 0x0000000083400000|100%| O|  |TAMS 0x0000000083400000, 0x0000000083300000| Untracked 
|  52|0x0000000083400000, 0x0000000083500000, 0x0000000083500000|100%| O|  |TAMS 0x0000000083500000, 0x0000000083400000| Untracked 
|  53|0x0000000083500000, 0x0000000083600000, 0x0000000083600000|100%| O|  |TAMS 0x0000000083600000, 0x0000000083500000| Updating 
|  54|0x0000000083600000, 0x0000000083700000, 0x0000000083700000|100%| O|  |TAMS 0x0000000083700000, 0x0000000083600000| Updating 
|  55|0x0000000083700000, 0x0000000083800000, 0x0000000083800000|100%| O|  |TAMS 0x0000000083800000, 0x0000000083700000| Untracked 
|  56|0x0000000083800000, 0x0000000083900000, 0x0000000083900000|100%| O|  |TAMS 0x0000000083900000, 0x0000000083800000| Untracked 
|  57|0x0000000083900000, 0x0000000083a00000, 0x0000000083a00000|100%| O|  |TAMS 0x0000000083a00000, 0x0000000083900000| Updating 
|  58|0x0000000083a00000, 0x0000000083b00000, 0x0000000083b00000|100%| O|  |TAMS 0x0000000083b00000, 0x0000000083a00000| Untracked 
|  59|0x0000000083b00000, 0x0000000083c00000, 0x0000000083c00000|100%| O|  |TAMS 0x0000000083c00000, 0x0000000083b00000| Untracked 
|  60|0x0000000083c00000, 0x0000000083d00000, 0x0000000083d00000|100%| O|  |TAMS 0x0000000083d00000, 0x0000000083c00000| Untracked 
|  61|0x0000000083d00000, 0x0000000083e00000, 0x0000000083e00000|100%| O|  |TAMS 0x0000000083e00000, 0x0000000083d00000| Untracked 
|  62|0x0000000083e00000, 0x0000000083f00000, 0x0000000083f00000|100%| O|  |TAMS 0x0000000083f00000, 0x0000000083e00000| Untracked 
|  63|0x0000000083f00000, 0x0000000084000000, 0x0000000084000000|100%| O|  |TAMS 0x0000000084000000, 0x0000000083f00000| Untracked 
|  64|0x0000000084000000, 0x0000000084100000, 0x0000000084100000|100%| O|  |TAMS 0x0000000084100000, 0x0000000084000000| Untracked 
|  65|0x0000000084100000, 0x0000000084200000, 0x0000000084200000|100%| O|  |TAMS 0x0000000084200000, 0x0000000084100000| Untracked 
|  66|0x0000000084200000, 0x0000000084300000, 0x0000000084300000|100%| O|  |TAMS 0x0000000084300000, 0x0000000084200000| Untracked 
|  67|0x0000000084300000, 0x0000000084400000, 0x0000000084400000|100%| O|  |TAMS 0x0000000084400000, 0x0000000084300000| Updating 
|  68|0x0000000084400000, 0x0000000084500000, 0x0000000084500000|100%| O|  |TAMS 0x0000000084500000, 0x0000000084400000| Untracked 
|  69|0x0000000084500000, 0x0000000084600000, 0x0000000084600000|100%| O|  |TAMS 0x0000000084600000, 0x0000000084500000| Untracked 
|  70|0x0000000084600000, 0x0000000084700000, 0x0000000084700000|100%| O|  |TAMS 0x0000000084700000, 0x0000000084600000| Untracked 
|  71|0x0000000084700000, 0x0000000084800000, 0x0000000084800000|100%| O|  |TAMS 0x0000000084800000, 0x0000000084700000| Untracked 
|  72|0x0000000084800000, 0x0000000084900000, 0x0000000084900000|100%| O|  |TAMS 0x0000000084900000, 0x0000000084800000| Untracked 
|  73|0x0000000084900000, 0x0000000084a00000, 0x0000000084a00000|100%| O|  |TAMS 0x0000000084a00000, 0x0000000084900000| Untracked 
|  74|0x0000000084a00000, 0x0000000084b00000, 0x0000000084b00000|100%| O|  |TAMS 0x0000000084b00000, 0x0000000084a00000| Untracked 
|  75|0x0000000084b00000, 0x0000000084c00000, 0x0000000084c00000|100%| O|  |TAMS 0x0000000084c00000, 0x0000000084b00000| Untracked 
|  76|0x0000000084c00000, 0x0000000084d00000, 0x0000000084d00000|100%| O|  |TAMS 0x0000000084d00000, 0x0000000084c00000| Updating 
|  77|0x0000000084d00000, 0x0000000084e00000, 0x0000000084e00000|100%| O|  |TAMS 0x0000000084e00000, 0x0000000084d00000| Updating 
|  78|0x0000000084e00000, 0x0000000084f00000, 0x0000000084f00000|100%| O|  |TAMS 0x0000000084f00000, 0x0000000084e00000| Untracked 
|  79|0x0000000084f00000, 0x0000000085000000, 0x0000000085000000|100%| O|  |TAMS 0x0000000085000000, 0x0000000084f00000| Untracked 
|  80|0x0000000085000000, 0x0000000085100000, 0x0000000085100000|100%| O|  |TAMS 0x0000000085100000, 0x0000000085000000| Untracked 
|  81|0x0000000085100000, 0x0000000085200000, 0x0000000085200000|100%| O|  |TAMS 0x0000000085200000, 0x0000000085100000| Untracked 
|  82|0x0000000085200000, 0x0000000085300000, 0x0000000085300000|100%| O|  |TAMS 0x0000000085300000, 0x0000000085200000| Updating 
|  83|0x0000000085300000, 0x0000000085400000, 0x0000000085400000|100%| O|  |TAMS 0x0000000085400000, 0x0000000085300000| Updating 
|  84|0x0000000085400000, 0x0000000085500000, 0x0000000085500000|100%| O|  |TAMS 0x0000000085500000, 0x0000000085400000| Untracked 
|  85|0x0000000085500000, 0x0000000085600000, 0x0000000085600000|100%| O|  |TAMS 0x0000000085600000, 0x0000000085500000| Untracked 
|  86|0x0000000085600000, 0x0000000085700000, 0x0000000085700000|100%| O|  |TAMS 0x0000000085700000, 0x0000000085600000| Untracked 
|  87|0x0000000085700000, 0x0000000085800000, 0x0000000085800000|100%| O|  |TAMS 0x0000000085800000, 0x0000000085700000| Untracked 
|  88|0x0000000085800000, 0x0000000085900000, 0x0000000085900000|100%| O|  |TAMS 0x0000000085900000, 0x0000000085800000| Updating 
|  89|0x0000000085900000, 0x0000000085a00000, 0x0000000085a00000|100%|HS|  |TAMS 0x0000000085a00000, 0x0000000085900000| Complete 
|  90|0x0000000085a00000, 0x0000000085b00000, 0x0000000085b00000|100%|HC|  |TAMS 0x0000000085b00000, 0x0000000085a00000| Complete 
|  91|0x0000000085b00000, 0x0000000085c00000, 0x0000000085c00000|100%| O|  |TAMS 0x0000000085c00000, 0x0000000085b00000| Updating 
|  92|0x0000000085c00000, 0x0000000085d00000, 0x0000000085d00000|100%| O|  |TAMS 0x0000000085d00000, 0x0000000085c00000| Untracked 
|  93|0x0000000085d00000, 0x0000000085e00000, 0x0000000085e00000|100%| O|  |TAMS 0x0000000085e00000, 0x0000000085d00000| Untracked 
|  94|0x0000000085e00000, 0x0000000085f00000, 0x0000000085f00000|100%| O|  |TAMS 0x0000000085f00000, 0x0000000085e00000| Untracked 
|  95|0x0000000085f00000, 0x0000000086000000, 0x0000000086000000|100%| O|  |TAMS 0x0000000086000000, 0x0000000085f00000| Untracked 
|  96|0x0000000086000000, 0x0000000086100000, 0x0000000086100000|100%| O|  |TAMS 0x0000000086100000, 0x0000000086000000| Updating 
|  97|0x0000000086100000, 0x0000000086200000, 0x0000000086200000|100%| O|  |TAMS 0x0000000086200000, 0x0000000086100000| Updating 
|  98|0x0000000086200000, 0x0000000086300000, 0x0000000086300000|100%| O|  |TAMS 0x0000000086300000, 0x0000000086200000| Updating 
|  99|0x0000000086300000, 0x0000000086300000, 0x0000000086400000|  0%| F|  |TAMS 0x0000000086300000, 0x0000000086300000| Untracked 
| 100|0x0000000086400000, 0x0000000086400000, 0x0000000086500000|  0%| F|  |TAMS 0x0000000086400000, 0x0000000086400000| Untracked 
| 101|0x0000000086500000, 0x0000000086600000, 0x0000000086600000|100%| O|  |TAMS 0x0000000086600000, 0x0000000086500000| Updating 
| 102|0x0000000086600000, 0x0000000086700000, 0x0000000086700000|100%| O|  |TAMS 0x0000000086700000, 0x0000000086600000| Updating 
| 103|0x0000000086700000, 0x0000000086800000, 0x0000000086800000|100%| O|  |TAMS 0x0000000086800000, 0x0000000086700000| Updating 
| 104|0x0000000086800000, 0x0000000086900000, 0x0000000086900000|100%| O|  |TAMS 0x0000000086900000, 0x0000000086800000| Updating 
| 105|0x0000000086900000, 0x0000000086a00000, 0x0000000086a00000|100%| O|  |TAMS 0x0000000086a00000, 0x0000000086900000| Updating 
| 106|0x0000000086a00000, 0x0000000086b00000, 0x0000000086b00000|100%| O|  |TAMS 0x0000000086b00000, 0x0000000086a00000| Untracked 
| 107|0x0000000086b00000, 0x0000000086c00000, 0x0000000086c00000|100%| O|  |TAMS 0x0000000086c00000, 0x0000000086b00000| Untracked 
| 108|0x0000000086c00000, 0x0000000086d00000, 0x0000000086d00000|100%| O|  |TAMS 0x0000000086cb2600, 0x0000000086c00000| Updating 
| 109|0x0000000086d00000, 0x0000000086e00000, 0x0000000086e00000|100%| O|  |TAMS 0x0000000086d00000, 0x0000000086d00000| Untracked 
| 110|0x0000000086e00000, 0x0000000086ed0a00, 0x0000000086f00000| 81%| O|  |TAMS 0x0000000086e00000, 0x0000000086e00000| Updating 
| 111|0x0000000086f00000, 0x0000000086f00000, 0x0000000087000000|  0%| F|  |TAMS 0x0000000086f00000, 0x0000000086f00000| Untracked 
| 112|0x0000000087000000, 0x0000000087000000, 0x0000000087100000|  0%| F|  |TAMS 0x0000000087000000, 0x0000000087000000| Untracked 
| 113|0x0000000087100000, 0x0000000087100000, 0x0000000087200000|  0%| F|  |TAMS 0x0000000087100000, 0x0000000087100000| Untracked 
| 114|0x0000000087200000, 0x0000000087200000, 0x0000000087300000|  0%| F|  |TAMS 0x0000000087200000, 0x0000000087200000| Untracked 
| 115|0x0000000087300000, 0x0000000087300000, 0x0000000087400000|  0%| F|  |TAMS 0x0000000087300000, 0x0000000087300000| Untracked 
| 116|0x0000000087400000, 0x0000000087400000, 0x0000000087500000|  0%| F|  |TAMS 0x0000000087400000, 0x0000000087400000| Untracked 
| 117|0x0000000087500000, 0x0000000087500000, 0x0000000087600000|  0%| F|  |TAMS 0x0000000087500000, 0x0000000087500000| Untracked 
| 118|0x0000000087600000, 0x0000000087600000, 0x0000000087700000|  0%| F|  |TAMS 0x0000000087600000, 0x0000000087600000| Untracked 
| 119|0x0000000087700000, 0x0000000087700000, 0x0000000087800000|  0%| F|  |TAMS 0x0000000087700000, 0x0000000087700000| Untracked 
| 120|0x0000000087800000, 0x0000000087800000, 0x0000000087900000|  0%| F|  |TAMS 0x0000000087800000, 0x0000000087800000| Untracked 
| 121|0x0000000087900000, 0x0000000087900000, 0x0000000087a00000|  0%| F|  |TAMS 0x0000000087900000, 0x0000000087900000| Untracked 
| 122|0x0000000087a00000, 0x0000000087a00000, 0x0000000087b00000|  0%| F|  |TAMS 0x0000000087a00000, 0x0000000087a00000| Untracked 
| 123|0x0000000087b00000, 0x0000000087b00000, 0x0000000087c00000|  0%| F|  |TAMS 0x0000000087b00000, 0x0000000087b00000| Untracked 
| 124|0x0000000087c00000, 0x0000000087c00000, 0x0000000087d00000|  0%| F|  |TAMS 0x0000000087c00000, 0x0000000087c00000| Untracked 
| 125|0x0000000087d00000, 0x0000000087d00000, 0x0000000087e00000|  0%| F|  |TAMS 0x0000000087d00000, 0x0000000087d00000| Untracked 
| 126|0x0000000087e00000, 0x0000000087e00000, 0x0000000087f00000|  0%| F|  |TAMS 0x0000000087e00000, 0x0000000087e00000| Untracked 
| 127|0x0000000087f00000, 0x0000000087f00000, 0x0000000088000000|  0%| F|  |TAMS 0x0000000087f00000, 0x0000000087f00000| Untracked 
| 128|0x0000000088000000, 0x0000000088000000, 0x0000000088100000|  0%| F|  |TAMS 0x0000000088000000, 0x0000000088000000| Untracked 
| 129|0x0000000088100000, 0x0000000088100000, 0x0000000088200000|  0%| F|  |TAMS 0x0000000088100000, 0x0000000088100000| Untracked 
| 130|0x0000000088200000, 0x0000000088200000, 0x0000000088300000|  0%| F|  |TAMS 0x0000000088200000, 0x0000000088200000| Untracked 
| 131|0x0000000088300000, 0x0000000088300000, 0x0000000088400000|  0%| F|  |TAMS 0x0000000088300000, 0x0000000088300000| Untracked 
| 132|0x0000000088400000, 0x0000000088400000, 0x0000000088500000|  0%| F|  |TAMS 0x0000000088400000, 0x0000000088400000| Untracked 
| 133|0x0000000088500000, 0x0000000088500000, 0x0000000088600000|  0%| F|  |TAMS 0x0000000088500000, 0x0000000088500000| Untracked 
| 134|0x0000000088600000, 0x0000000088600000, 0x0000000088700000|  0%| F|  |TAMS 0x0000000088600000, 0x0000000088600000| Untracked 
| 135|0x0000000088700000, 0x0000000088700000, 0x0000000088800000|  0%| F|  |TAMS 0x0000000088700000, 0x0000000088700000| Untracked 
| 136|0x0000000088800000, 0x0000000088800000, 0x0000000088900000|  0%| F|  |TAMS 0x0000000088800000, 0x0000000088800000| Untracked 
| 137|0x0000000088900000, 0x0000000088900000, 0x0000000088a00000|  0%| F|  |TAMS 0x0000000088900000, 0x0000000088900000| Untracked 
| 138|0x0000000088a00000, 0x0000000088a00000, 0x0000000088b00000|  0%| F|  |TAMS 0x0000000088a00000, 0x0000000088a00000| Untracked 
| 139|0x0000000088b00000, 0x0000000088b00000, 0x0000000088c00000|  0%| F|  |TAMS 0x0000000088b00000, 0x0000000088b00000| Untracked 
| 140|0x0000000088c00000, 0x0000000088c00000, 0x0000000088d00000|  0%| F|  |TAMS 0x0000000088c00000, 0x0000000088c00000| Untracked 
| 141|0x0000000088d00000, 0x0000000088d00000, 0x0000000088e00000|  0%| F|  |TAMS 0x0000000088d00000, 0x0000000088d00000| Untracked 
| 142|0x0000000088e00000, 0x0000000088e00000, 0x0000000088f00000|  0%| F|  |TAMS 0x0000000088e00000, 0x0000000088e00000| Untracked 
| 143|0x0000000088f00000, 0x0000000088f00000, 0x0000000089000000|  0%| F|  |TAMS 0x0000000088f00000, 0x0000000088f00000| Untracked 
| 144|0x0000000089000000, 0x0000000089000000, 0x0000000089100000|  0%| F|  |TAMS 0x0000000089000000, 0x0000000089000000| Untracked 
| 145|0x0000000089100000, 0x0000000089100000, 0x0000000089200000|  0%| F|  |TAMS 0x0000000089100000, 0x0000000089100000| Untracked 
| 146|0x0000000089200000, 0x0000000089200000, 0x0000000089300000|  0%| F|  |TAMS 0x0000000089200000, 0x0000000089200000| Untracked 
| 147|0x0000000089300000, 0x0000000089300000, 0x0000000089400000|  0%| F|  |TAMS 0x0000000089300000, 0x0000000089300000| Untracked 
| 148|0x0000000089400000, 0x0000000089400000, 0x0000000089500000|  0%| F|  |TAMS 0x0000000089400000, 0x0000000089400000| Untracked 
| 149|0x0000000089500000, 0x0000000089500000, 0x0000000089600000|  0%| F|  |TAMS 0x0000000089500000, 0x0000000089500000| Untracked 
| 150|0x0000000089600000, 0x0000000089600000, 0x0000000089700000|  0%| F|  |TAMS 0x0000000089600000, 0x0000000089600000| Untracked 
| 151|0x0000000089700000, 0x0000000089700000, 0x0000000089800000|  0%| F|  |TAMS 0x0000000089700000, 0x0000000089700000| Untracked 
| 152|0x0000000089800000, 0x0000000089800000, 0x0000000089900000|  0%| F|  |TAMS 0x0000000089800000, 0x0000000089800000| Untracked 
| 153|0x0000000089900000, 0x0000000089900000, 0x0000000089a00000|  0%| F|  |TAMS 0x0000000089900000, 0x0000000089900000| Untracked 
| 154|0x0000000089a00000, 0x0000000089a00000, 0x0000000089b00000|  0%| F|  |TAMS 0x0000000089a00000, 0x0000000089a00000| Untracked 
| 155|0x0000000089b00000, 0x0000000089b00000, 0x0000000089c00000|  0%| F|  |TAMS 0x0000000089b00000, 0x0000000089b00000| Untracked 
| 156|0x0000000089c00000, 0x0000000089c00000, 0x0000000089d00000|  0%| F|  |TAMS 0x0000000089c00000, 0x0000000089c00000| Untracked 
| 157|0x0000000089d00000, 0x0000000089d00000, 0x0000000089e00000|  0%| F|  |TAMS 0x0000000089d00000, 0x0000000089d00000| Untracked 
| 158|0x0000000089e00000, 0x0000000089e00000, 0x0000000089f00000|  0%| F|  |TAMS 0x0000000089e00000, 0x0000000089e00000| Untracked 
| 159|0x0000000089f00000, 0x0000000089f00000, 0x000000008a000000|  0%| F|  |TAMS 0x0000000089f00000, 0x0000000089f00000| Untracked 
| 160|0x000000008a000000, 0x000000008a000000, 0x000000008a100000|  0%| F|  |TAMS 0x000000008a000000, 0x000000008a000000| Untracked 
| 161|0x000000008a100000, 0x000000008a100000, 0x000000008a200000|  0%| F|  |TAMS 0x000000008a100000, 0x000000008a100000| Untracked 
| 162|0x000000008a200000, 0x000000008a200000, 0x000000008a300000|  0%| F|  |TAMS 0x000000008a200000, 0x000000008a200000| Untracked 
| 163|0x000000008a300000, 0x000000008a300000, 0x000000008a400000|  0%| F|  |TAMS 0x000000008a300000, 0x000000008a300000| Untracked 
| 164|0x000000008a400000, 0x000000008a400000, 0x000000008a500000|  0%| F|  |TAMS 0x000000008a400000, 0x000000008a400000| Untracked 
| 165|0x000000008a500000, 0x000000008a500000, 0x000000008a600000|  0%| F|  |TAMS 0x000000008a500000, 0x000000008a500000| Untracked 
| 166|0x000000008a600000, 0x000000008a600000, 0x000000008a700000|  0%| F|  |TAMS 0x000000008a600000, 0x000000008a600000| Untracked 
| 167|0x000000008a700000, 0x000000008a700000, 0x000000008a800000|  0%| F|  |TAMS 0x000000008a700000, 0x000000008a700000| Untracked 
| 168|0x000000008a800000, 0x000000008a800000, 0x000000008a900000|  0%| F|  |TAMS 0x000000008a800000, 0x000000008a800000| Untracked 
| 169|0x000000008a900000, 0x000000008a900000, 0x000000008aa00000|  0%| F|  |TAMS 0x000000008a900000, 0x000000008a900000| Untracked 
| 170|0x000000008aa00000, 0x000000008aa00000, 0x000000008ab00000|  0%| F|  |TAMS 0x000000008aa00000, 0x000000008aa00000| Untracked 
| 171|0x000000008ab00000, 0x000000008ab00000, 0x000000008ac00000|  0%| F|  |TAMS 0x000000008ab00000, 0x000000008ab00000| Untracked 
| 172|0x000000008ac00000, 0x000000008ac00000, 0x000000008ad00000|  0%| F|  |TAMS 0x000000008ac00000, 0x000000008ac00000| Untracked 
| 173|0x000000008ad00000, 0x000000008ad00000, 0x000000008ae00000|  0%| F|  |TAMS 0x000000008ad00000, 0x000000008ad00000| Untracked 
| 174|0x000000008ae00000, 0x000000008ae00000, 0x000000008af00000|  0%| F|  |TAMS 0x000000008ae00000, 0x000000008ae00000| Untracked 
| 175|0x000000008af00000, 0x000000008af00000, 0x000000008b000000|  0%| F|  |TAMS 0x000000008af00000, 0x000000008af00000| Untracked 
| 176|0x000000008b000000, 0x000000008b000000, 0x000000008b100000|  0%| F|  |TAMS 0x000000008b000000, 0x000000008b000000| Untracked 
| 177|0x000000008b100000, 0x000000008b100000, 0x000000008b200000|  0%| F|  |TAMS 0x000000008b100000, 0x000000008b100000| Untracked 
| 178|0x000000008b200000, 0x000000008b200000, 0x000000008b300000|  0%| F|  |TAMS 0x000000008b200000, 0x000000008b200000| Untracked 
| 179|0x000000008b300000, 0x000000008b300000, 0x000000008b400000|  0%| F|  |TAMS 0x000000008b300000, 0x000000008b300000| Untracked 
| 180|0x000000008b400000, 0x000000008b400000, 0x000000008b500000|  0%| F|  |TAMS 0x000000008b400000, 0x000000008b400000| Untracked 
| 181|0x000000008b500000, 0x000000008b58b4a8, 0x000000008b600000| 54%| E|  |TAMS 0x000000008b500000, 0x000000008b500000| Complete 
| 182|0x000000008b600000, 0x000000008b6d5560, 0x000000008b700000| 83%| S|CS|TAMS 0x000000008b600000, 0x000000008b600000| Complete 
| 183|0x000000008b700000, 0x000000008b800000, 0x000000008b800000|100%| S|CS|TAMS 0x000000008b700000, 0x000000008b700000| Complete 
| 184|0x000000008b800000, 0x000000008b900000, 0x000000008b900000|100%| S|CS|TAMS 0x000000008b800000, 0x000000008b800000| Complete 
| 185|0x000000008b900000, 0x000000008ba00000, 0x000000008ba00000|100%| E|CS|TAMS 0x000000008b900000, 0x000000008b900000| Complete 
| 186|0x000000008ba00000, 0x000000008bb00000, 0x000000008bb00000|100%| E|CS|TAMS 0x000000008ba00000, 0x000000008ba00000| Complete 
| 187|0x000000008bb00000, 0x000000008bc00000, 0x000000008bc00000|100%| E|CS|TAMS 0x000000008bb00000, 0x000000008bb00000| Complete 
| 188|0x000000008bc00000, 0x000000008bd00000, 0x000000008bd00000|100%| E|CS|TAMS 0x000000008bc00000, 0x000000008bc00000| Complete 
| 189|0x000000008bd00000, 0x000000008be00000, 0x000000008be00000|100%| E|CS|TAMS 0x000000008bd00000, 0x000000008bd00000| Complete 

Card table byte_map: [0x000001ea66950000,0x000001ea66d50000] _byte_map_base: 0x000001ea66550000

Marking Bits (Prev, Next): (CMBitMap*) 0x000001ea540d70f0, (CMBitMap*) 0x000001ea540d70b0
 Prev Bits: [0x000001ea69150000, 0x000001ea6b150000)
 Next Bits: [0x000001ea67150000, 0x000001ea69150000)

Polling page: 0x000001ea53850000

Metaspace:

Usage:
  Non-class:     98.33 MB used.
      Class:     15.65 MB used.
       Both:    113.98 MB used.

Virtual space:
  Non-class space:      104.00 MB reserved,      98.69 MB ( 95%) committed,  13 nodes.
      Class space:        1.00 GB reserved,      15.94 MB (  2%) committed,  1 nodes.
             Both:        1.10 GB reserved,     114.62 MB ( 10%) committed. 

Chunk freelists:
   Non-Class:  576.00 KB
       Class:  3.94 MB
        Both:  4.50 MB

MaxMetaspaceSize: unlimited
CompressedClassSpaceSize: 1.00 GB
Initial GC threshold: 21.00 MB
Current GC threshold: 114.69 MB
CDS: off
MetaspaceReclaimPolicy: balanced
 - commit_granule_bytes: 65536.
 - commit_granule_words: 8192.
 - virtual_space_node_default_size: 1048576.
 - enlarge_chunks_in_place: 1.
 - new_chunks_are_fully_committed: 0.
 - uncommit_free_chunks: 1.
 - use_allocation_guard: 0.
 - handle_deallocations: 1.


Internal statistics:

num_allocs_failed_limit: 15.
num_arena_births: 1050.
num_arena_deaths: 0.
num_vsnodes_births: 14.
num_vsnodes_deaths: 0.
num_space_committed: 1834.
num_space_uncommitted: 0.
num_chunks_returned_to_freelist: 15.
num_chunks_taken_from_freelist: 5273.
num_chunk_merges: 15.
num_chunk_splits: 3540.
num_chunks_enlarged: 2423.
num_purges: 0.
num_inconsistent_stats: 0.

CodeHeap 'non-profiled nmethods': size=120000Kb used=6779Kb max_used=7429Kb free=113221Kb
 bounds [0x000001ea5f020000, 0x000001ea5f770000, 0x000001ea66550000]
CodeHeap 'profiled nmethods': size=120000Kb used=23068Kb max_used=23855Kb free=96931Kb
 bounds [0x000001ea57550000, 0x000001ea58ca0000, 0x000001ea5ea80000]
CodeHeap 'non-nmethods': size=5760Kb used=2453Kb max_used=2509Kb free=3306Kb
 bounds [0x000001ea5ea80000, 0x000001ea5ed00000, 0x000001ea5f020000]
 total_blobs=12730 nmethods=11748 adapters=894
 compilation: enabled
              stopped_count=0, restarted_count=0
 full_count=0

Compilation events (20 events):
Event: 71.548 Thread 0x000001ea6d6795f0 nmethod 14248 0x000001ea589a6d10 code [0x000001ea589a6ec0, 0x000001ea589a7178]
Event: 71.549 Thread 0x000001ea6d6795f0 14249       3       com.android.tools.r8.graph.p5::d (33 bytes)
Event: 71.549 Thread 0x000001ea6d6795f0 nmethod 14249 0x000001ea588e4390 code [0x000001ea588e4520, 0x000001ea588e4678]
Event: 71.549 Thread 0x000001ea6d6795f0 14250       3       com.android.tools.r8.graph.p5::a (34 bytes)
Event: 71.549 Thread 0x000001ea6d6795f0 nmethod 14250 0x000001ea57f93810 code [0x000001ea57f939c0, 0x000001ea57f93c78]
Event: 71.549 Thread 0x000001ea6d6795f0 14251       3       com.android.tools.r8.graph.r2::s0 (4 bytes)
Event: 71.550 Thread 0x000001ea6d6795f0 nmethod 14251 0x000001ea576e9e10 code [0x000001ea576e9fa0, 0x000001ea576ea098]
Event: 71.550 Thread 0x000001ea6d6795f0 14252       3       com.android.tools.r8.graph.Z0::<init> (44 bytes)
Event: 71.550 Thread 0x000001ea6d6795f0 nmethod 14252 0x000001ea5862d490 code [0x000001ea5862d6a0, 0x000001ea5862dbf8]
Event: 71.551 Thread 0x000001ea6d6795f0 14253       3       com.android.tools.r8.dex.B::h (23 bytes)
Event: 71.552 Thread 0x000001ea6d6795f0 nmethod 14253 0x000001ea586f1a90 code [0x000001ea586f1ca0, 0x000001ea586f2418]
Event: 71.552 Thread 0x000001ea6d6795f0 14254       3       com.android.tools.r8.graph.p5::a (34 bytes)
Event: 71.552 Thread 0x000001ea6d6795f0 nmethod 14254 0x000001ea57f93290 code [0x000001ea57f93440, 0x000001ea57f936f8]
Event: 71.756 Thread 0x000001ea6d678cf0 nmethod 14142 0x000001ea5f42b210 code [0x000001ea5f42bd20, 0x000001ea5f436528]
Event: 71.757 Thread 0x000001ea6d678cf0 14141       4       org.gradle.internal.reflect.MethodSet::add (50 bytes)
Event: 71.901 Thread 0x000001ea6d678cf0 nmethod 14141 0x000001ea5f256c10 code [0x000001ea5f256ee0, 0x000001ea5f25a4d0]
Event: 71.901 Thread 0x000001ea6d678cf0 14227       4       java.nio.Buffer::nextGetIndex (32 bytes)
Event: 71.902 Thread 0x000001ea6d678cf0 nmethod 14227 0x000001ea5f256890 code [0x000001ea5f256a00, 0x000001ea5f256ab8]
Event: 71.957 Thread 0x000001ea6d678cf0 14255   !   4       java.util.concurrent.ConcurrentHashMap::putVal (432 bytes)
Event: 71.998 Thread 0x000001ea6d678cf0 nmethod 14255 0x000001ea5f6f4310 code [0x000001ea5f6f4520, 0x000001ea5f6f59f0]

GC Heap History (20 events):
Event: 44.243 GC heap before
{Heap before GC invocations=42 (full 0):
 garbage-first heap   total 194560K, used 156057K [0x0000000080000000, 0x0000000100000000)
  region size 1024K, 95 young (97280K), 3 survivors (3072K)
 Metaspace       used 82926K, committed 83520K, reserved 1122304K
  class space    used 11193K, committed 11456K, reserved 1048576K
}
Event: 44.262 GC heap after
{Heap after GC invocations=43 (full 0):
 garbage-first heap   total 194560K, used 68861K [0x0000000080000000, 0x0000000100000000)
  region size 1024K, 10 young (10240K), 10 survivors (10240K)
 Metaspace       used 82926K, committed 83520K, reserved 1122304K
  class space    used 11193K, committed 11456K, reserved 1048576K
}
Event: 47.844 GC heap before
{Heap before GC invocations=43 (full 0):
 garbage-first heap   total 194560K, used 149757K [0x0000000080000000, 0x0000000100000000)
  region size 1024K, 89 young (91136K), 10 survivors (10240K)
 Metaspace       used 88479K, committed 89152K, reserved 1130496K
  class space    used 12015K, committed 12288K, reserved 1048576K
}
Event: 47.892 GC heap after
{Heap after GC invocations=44 (full 0):
 garbage-first heap   total 194560K, used 79301K [0x0000000080000000, 0x0000000100000000)
  region size 1024K, 11 young (11264K), 11 survivors (11264K)
 Metaspace       used 88479K, committed 89152K, reserved 1130496K
  class space    used 12015K, committed 12288K, reserved 1048576K
}
Event: 52.821 GC heap before
{Heap before GC invocations=44 (full 0):
 garbage-first heap   total 194560K, used 149957K [0x0000000080000000, 0x0000000100000000)
  region size 1024K, 81 young (82944K), 11 survivors (11264K)
 Metaspace       used 90708K, committed 91328K, reserved 1130496K
  class space    used 12356K, committed 12672K, reserved 1048576K
}
Event: 52.860 GC heap after
{Heap after GC invocations=45 (full 0):
 garbage-first heap   total 194560K, used 85239K [0x0000000080000000, 0x0000000100000000)
  region size 1024K, 6 young (6144K), 6 survivors (6144K)
 Metaspace       used 90708K, committed 91328K, reserved 1130496K
  class space    used 12356K, committed 12672K, reserved 1048576K
}
Event: 56.607 GC heap before
{Heap before GC invocations=45 (full 0):
 garbage-first heap   total 194560K, used 152823K [0x0000000080000000, 0x0000000100000000)
  region size 1024K, 73 young (74752K), 6 survivors (6144K)
 Metaspace       used 91365K, committed 92032K, reserved 1130496K
  class space    used 12409K, committed 12736K, reserved 1048576K
}
Event: 56.620 GC heap after
{Heap after GC invocations=46 (full 0):
 garbage-first heap   total 194560K, used 91682K [0x0000000080000000, 0x0000000100000000)
  region size 1024K, 6 young (6144K), 6 survivors (6144K)
 Metaspace       used 91365K, committed 92032K, reserved 1130496K
  class space    used 12409K, committed 12736K, reserved 1048576K
}
Event: 59.558 GC heap before
{Heap before GC invocations=46 (full 0):
 garbage-first heap   total 194560K, used 156194K [0x0000000080000000, 0x0000000100000000)
  region size 1024K, 70 young (71680K), 6 survivors (6144K)
 Metaspace       used 97491K, committed 98176K, reserved 1138688K
  class space    used 13195K, committed 13504K, reserved 1048576K
}
Event: 59.578 GC heap after
{Heap after GC invocations=47 (full 0):
 garbage-first heap   total 194560K, used 97926K [0x0000000080000000, 0x0000000100000000)
  region size 1024K, 7 young (7168K), 7 survivors (7168K)
 Metaspace       used 97491K, committed 98176K, reserved 1138688K
  class space    used 13195K, committed 13504K, reserved 1048576K
}
Event: 63.233 GC heap before
{Heap before GC invocations=47 (full 0):
 garbage-first heap   total 194560K, used 158342K [0x0000000080000000, 0x0000000100000000)
  region size 1024K, 65 young (66560K), 7 survivors (7168K)
 Metaspace       used 101902K, committed 102592K, reserved 1138688K
  class space    used 13689K, committed 14016K, reserved 1048576K
}
Event: 63.270 GC heap after
{Heap after GC invocations=48 (full 0):
 garbage-first heap   total 194560K, used 112640K [0x0000000080000000, 0x0000000100000000)
  region size 1024K, 9 young (9216K), 9 survivors (9216K)
 Metaspace       used 101902K, committed 102592K, reserved 1138688K
  class space    used 13689K, committed 14016K, reserved 1048576K
}
Event: 65.569 GC heap before
{Heap before GC invocations=48 (full 0):
 garbage-first heap   total 194560K, used 156672K [0x0000000080000000, 0x0000000100000000)
  region size 1024K, 53 young (54272K), 9 survivors (9216K)
 Metaspace       used 102369K, committed 103040K, reserved 1138688K
  class space    used 13750K, committed 14080K, reserved 1048576K
}
Event: 65.582 GC heap after
{Heap after GC invocations=49 (full 0):
 garbage-first heap   total 194560K, used 111947K [0x0000000080000000, 0x0000000100000000)
  region size 1024K, 4 young (4096K), 4 survivors (4096K)
 Metaspace       used 102369K, committed 103040K, reserved 1138688K
  class space    used 13750K, committed 14080K, reserved 1048576K
}
Event: 68.586 GC heap before
{Heap before GC invocations=49 (full 0):
 garbage-first heap   total 194560K, used 157003K [0x0000000080000000, 0x0000000100000000)
  region size 1024K, 49 young (50176K), 4 survivors (4096K)
 Metaspace       used 106440K, committed 107072K, reserved 1146880K
  class space    used 14311K, committed 14592K, reserved 1048576K
}
Event: 68.598 GC heap after
{Heap after GC invocations=50 (full 0):
 garbage-first heap   total 194560K, used 113996K [0x0000000080000000, 0x0000000100000000)
  region size 1024K, 6 young (6144K), 6 survivors (6144K)
 Metaspace       used 106440K, committed 107072K, reserved 1146880K
  class space    used 14311K, committed 14592K, reserved 1048576K
}
Event: 71.172 GC heap before
{Heap before GC invocations=50 (full 0):
 garbage-first heap   total 194560K, used 159052K [0x0000000080000000, 0x0000000100000000)
  region size 1024K, 51 young (52224K), 6 survivors (6144K)
 Metaspace       used 115807K, committed 116480K, reserved 1155072K
  class space    used 15783K, committed 16064K, reserved 1048576K
}
Event: 71.194 GC heap after
{Heap after GC invocations=51 (full 0):
 garbage-first heap   total 194560K, used 115873K [0x0000000080000000, 0x0000000100000000)
  region size 1024K, 5 young (5120K), 5 survivors (5120K)
 Metaspace       used 115807K, committed 116480K, reserved 1155072K
  class space    used 15783K, committed 16064K, reserved 1048576K
}
Event: 71.486 GC heap before
{Heap before GC invocations=51 (full 0):
 garbage-first heap   total 194560K, used 118945K [0x0000000080000000, 0x0000000100000000)
  region size 1024K, 10 young (10240K), 5 survivors (5120K)
 Metaspace       used 116140K, committed 116800K, reserved 1155072K
  class space    used 15836K, committed 16128K, reserved 1048576K
}
Event: 71.507 GC heap after
{Heap after GC invocations=52 (full 0):
 garbage-first heap   total 194560K, used 116375K [0x0000000080000000, 0x0000000100000000)
  region size 1024K, 3 young (3072K), 3 survivors (3072K)
 Metaspace       used 116140K, committed 116800K, reserved 1155072K
  class space    used 15836K, committed 16128K, reserved 1048576K
}

Dll operation events (2 events):
Event: 0.064 Loaded shared library C:\Program Files\Android\Android Studio\jbr\bin\java.dll
Event: 1.865 Loaded shared library C:\Program Files\Android\Android Studio\jbr\bin\verify.dll

Deoptimization events (20 events):
Event: 70.548 Thread 0x000001ea72531a70 DEOPT PACKING pc=0x000001ea5f715e1c sp=0x000000e591bf9f50
Event: 70.548 Thread 0x000001ea72531a70 DEOPT UNPACKING pc=0x000001ea5eada1a3 sp=0x000000e591bf9f40 mode 2
Event: 70.576 Thread 0x000001ea72531a70 DEOPT PACKING pc=0x000001ea5886f374 sp=0x000000e591bfcfb0
Event: 70.576 Thread 0x000001ea72531a70 DEOPT UNPACKING pc=0x000001ea5eadace3 sp=0x000000e591bfc4d0 mode 0
Event: 70.661 Thread 0x000001ea72531a70 Uncommon trap: trap_request=0xffffff45 fr.pc=0x000001ea5f285f48 relative=0x0000000000001f28
Event: 70.661 Thread 0x000001ea72531a70 Uncommon trap: reason=unstable_if action=reinterpret pc=0x000001ea5f285f48 method=org.gradle.internal.snapshot.impl.AbstractValueProcessor.processValue(Ljava/lang/Object;Lorg/gradle/internal/snapshot/impl/AbstractValueProcessor$ValueVisitor;)Ljava/lang/Ob
Event: 70.661 Thread 0x000001ea72531a70 DEOPT PACKING pc=0x000001ea5f285f48 sp=0x000000e591bfa380
Event: 70.661 Thread 0x000001ea72531a70 DEOPT UNPACKING pc=0x000001ea5eada1a3 sp=0x000000e591bfa360 mode 2
Event: 71.521 Thread 0x000001ea770c8350 Uncommon trap: trap_request=0xffffff45 fr.pc=0x000001ea5f0c7fe0 relative=0x00000000000000e0
Event: 71.521 Thread 0x000001ea770c8350 Uncommon trap: reason=unstable_if action=reinterpret pc=0x000001ea5f0c7fe0 method=jdk.internal.misc.Unsafe.convEndian(ZS)S @ 4 c2
Event: 71.522 Thread 0x000001ea770c8350 DEOPT PACKING pc=0x000001ea5f0c7fe0 sp=0x000000e58d8fd670
Event: 71.522 Thread 0x000001ea770c8350 DEOPT UNPACKING pc=0x000001ea5eada1a3 sp=0x000000e58d8fd408 mode 2
Event: 71.522 Thread 0x000001ea770c8350 Uncommon trap: trap_request=0xffffff45 fr.pc=0x000001ea5f0c7c78 relative=0x0000000000000078
Event: 71.522 Thread 0x000001ea770c8350 Uncommon trap: reason=unstable_if action=reinterpret pc=0x000001ea5f0c7c78 method=jdk.internal.misc.Unsafe.convEndian(ZS)S @ 4 c2
Event: 71.522 Thread 0x000001ea770c8350 DEOPT PACKING pc=0x000001ea5f0c7c78 sp=0x000000e58d8fd550
Event: 71.522 Thread 0x000001ea770c8350 DEOPT UNPACKING pc=0x000001ea5eada1a3 sp=0x000000e58d8fd458 mode 2
Event: 71.542 Thread 0x000001ea770c8350 Uncommon trap: trap_request=0xffffff45 fr.pc=0x000001ea5f1ba520 relative=0x0000000000000200
Event: 71.542 Thread 0x000001ea770c8350 Uncommon trap: reason=unstable_if action=reinterpret pc=0x000001ea5f1ba520 method=com.android.tools.r8.graph.p2.a([C)I @ 29 c2
Event: 71.542 Thread 0x000001ea770c8350 DEOPT PACKING pc=0x000001ea5f1ba520 sp=0x000000e58d8fd760
Event: 71.542 Thread 0x000001ea770c8350 DEOPT UNPACKING pc=0x000001ea5eada1a3 sp=0x000000e58d8fd6f0 mode 2

Classes unloaded (0 events):
No events

Classes redefined (0 events):
No events

Internal exceptions (20 events):
Event: 69.568 Thread 0x000001ea729b7540 Exception <a 'java/lang/IncompatibleClassChangeError'{0x000000008addff20}: Found class java.lang.Object, but interface was expected> (0x000000008addff20) 
thrown [s\src\hotspot\share\interpreter\linkResolver.cpp, line 838]
Event: 69.568 Thread 0x000001ea729b8880 Exception <a 'java/lang/IncompatibleClassChangeError'{0x000000008adcff90}: Found class java.lang.Object, but interface was expected> (0x000000008adcff90) 
thrown [s\src\hotspot\share\interpreter\linkResolver.cpp, line 838]
Event: 69.697 Thread 0x000001ea729b7540 Exception <a 'java/lang/NoSuchMethodError'{0x000000008aada6b8}: 'void java.lang.invoke.DirectMethodHandle$Holder.invokeSpecial(java.lang.Object, java.lang.Object, int, java.lang.Object)'> (0x000000008aada6b8) 
thrown [s\src\hotspot\share\interpreter\linkResolver.cpp, line 771]
Event: 69.887 Thread 0x000001ea729b7540 Exception <a 'java/lang/NoSuchMethodError'{0x000000008a7b7f80}: 'int java.lang.invoke.DirectMethodHandle$Holder.invokeSpecial(java.lang.Object, java.lang.Object, java.lang.Object, int, java.lang.Object)'> (0x000000008a7b7f80) 
thrown [s\src\hotspot\share\interpreter\linkResolver.cpp, line 771]
Event: 69.974 Thread 0x000001ea729b8880 Exception <a 'java/lang/NoSuchMethodError'{0x000000008a575e70}: 'long java.lang.invoke.DirectMethodHandle$Holder.invokeStatic(java.lang.Object, java.lang.Object)'> (0x000000008a575e70) 
thrown [s\src\hotspot\share\interpreter\linkResolver.cpp, line 771]
Event: 69.975 Thread 0x000001ea729b7540 Exception <a 'java/lang/NoSuchMethodError'{0x000000008a583228}: 'long java.lang.invoke.DirectMethodHandle$Holder.invokeStatic(java.lang.Object, java.lang.Object)'> (0x000000008a583228) 
thrown [s\src\hotspot\share\interpreter\linkResolver.cpp, line 771]
Event: 70.008 Thread 0x000001ea729b8880 Exception <a 'java/lang/NoSuchMethodError'{0x000000008a402278}: 'int java.lang.invoke.DirectMethodHandle$Holder.invokeSpecial(java.lang.Object, java.lang.Object, java.lang.Object, int)'> (0x000000008a402278) 
thrown [s\src\hotspot\share\interpreter\linkResolver.cpp, line 771]
Event: 70.180 Thread 0x000001ea729b8880 Exception <a 'java/lang/NoSuchMethodError'{0x000000008a1a8560}: 'java.lang.Object java.lang.invoke.DirectMethodHandle$Holder.newInvokeSpecial(java.lang.Object, java.lang.Object, int, java.lang.Object, java.lang.Object, java.lang.Object)'> (0x000000008a1a8560) 
thrown [s\src\hotspot\share\interpreter\linkResolver.cpp, line 771]
Event: 70.181 Thread 0x000001ea729b8880 Exception <a 'java/lang/NoSuchMethodError'{0x000000008a1affd8}: 'java.lang.Object java.lang.invoke.Invokers$Holder.linkToTargetMethod(java.lang.Object, int, java.lang.Object, java.lang.Object, java.lang.Object, java.lang.Object)'> (0x000000008a1affd8) 
thrown [s\src\hotspot\share\interpreter\linkResolver.cpp, line 771]
Event: 70.199 Thread 0x000001ea729b8880 Exception <a 'java/lang/NoSuchMethodError'{0x000000008a1eb3f8}: 'void java.lang.invoke.DirectMethodHandle$Holder.invokeStatic(java.lang.Object, java.lang.Object, java.lang.Object, java.lang.Object, java.lang.Object, java.lang.Object, java.lang.Object, java.lang.Object)'> (0x000000008a1eb3f8) 
thrown [s\src\hotspot\share\interpreter\linkResolver.cpp, line 771]
Event: 70.397 Thread 0x000001ea729b8880 Exception <a 'java/lang/IncompatibleClassChangeError'{0x0000000089d8d060}: Found class java.lang.Object, but interface was expected> (0x0000000089d8d060) 
thrown [s\src\hotspot\share\interpreter\linkResolver.cpp, line 838]
Event: 70.460 Thread 0x000001ea729b8880 Exception <a 'java/lang/NoSuchMethodError'{0x0000000089bb6630}: 'void java.lang.invoke.DirectMethodHandle$Holder.invokeSpecial(java.lang.Object, java.lang.Object, int)'> (0x0000000089bb6630) 
thrown [s\src\hotspot\share\interpreter\linkResolver.cpp, line 771]
Event: 70.521 Thread 0x000001ea729b7540 Exception <a 'sun/nio/fs/WindowsException'{0x0000000089a95c18}> (0x0000000089a95c18) 
thrown [s\src\hotspot\share\prims\jni.cpp, line 517]
Event: 70.522 Thread 0x000001ea729b8880 Exception <a 'sun/nio/fs/WindowsException'{0x0000000089a852e0}> (0x0000000089a852e0) 
thrown [s\src\hotspot\share\prims\jni.cpp, line 517]
Event: 70.541 Thread 0x000001ea729b7540 Exception <a 'sun/nio/fs/WindowsException'{0x0000000089a9e5a0}> (0x0000000089a9e5a0) 
thrown [s\src\hotspot\share\prims\jni.cpp, line 517]
Event: 70.670 Thread 0x000001ea72531a70 Exception <a 'java/lang/NoSuchMethodError'{0x0000000089873530}: static Lkotlin/InitializedLazyImpl;.<clinit>()V> (0x0000000089873530) 
thrown [s\src\hotspot\share\prims\jni.cpp, line 1108]
Event: 70.713 Thread 0x000001ea7252b560 Exception <a 'sun/nio/fs/WindowsException'{0x00000000898ad500}> (0x00000000898ad500) 
thrown [s\src\hotspot\share\prims\jni.cpp, line 517]
Event: 70.959 Thread 0x000001ea770ca030 Exception <a 'sun/nio/fs/WindowsException'{0x0000000089365620}> (0x0000000089365620) 
thrown [s\src\hotspot\share\prims\jni.cpp, line 517]
Event: 70.959 Thread 0x000001ea770ca030 Exception <a 'sun/nio/fs/WindowsException'{0x00000000893659d0}> (0x00000000893659d0) 
thrown [s\src\hotspot\share\prims\jni.cpp, line 517]
Event: 71.225 Thread 0x000001ea770c8350 Exception <a 'sun/nio/fs/WindowsException'{0x000000008bd840c0}> (0x000000008bd840c0) 
thrown [s\src\hotspot\share\prims\jni.cpp, line 517]

VM Operations (20 events):
Event: 69.978 Executing VM operation: HandshakeAllThreads done
Event: 69.978 Executing VM operation: Cleanup
Event: 69.978 Executing VM operation: Cleanup done
Event: 70.005 Executing VM operation: HandshakeAllThreads
Event: 70.005 Executing VM operation: HandshakeAllThreads done
Event: 70.011 Executing VM operation: HandshakeAllThreads
Event: 70.011 Executing VM operation: HandshakeAllThreads done
Event: 70.504 Executing VM operation: HandshakeAllThreads
Event: 70.504 Executing VM operation: HandshakeAllThreads done
Event: 70.521 Executing VM operation: ICBufferFull
Event: 70.522 Executing VM operation: ICBufferFull done
Event: 71.160 Executing VM operation: G1CollectForAllocation
Event: 71.213 Executing VM operation: G1CollectForAllocation done
Event: 71.476 Executing VM operation: HandshakeAllThreads
Event: 71.476 Executing VM operation: HandshakeAllThreads done
Event: 71.486 Executing VM operation: CollectForMetadataAllocation
Event: 71.508 Executing VM operation: CollectForMetadataAllocation done
Event: 71.688 Executing VM operation: CollectForMetadataAllocation
Event: 71.688 Executing VM operation: CollectForMetadataAllocation done
Event: 72.028 Executing VM operation: G1Concurrent

Events (20 events):
Event: 69.854 loading class java/util/IdentityHashMap$ValueIterator done
Event: 70.003 loading class java/util/SortedSet$1
Event: 70.003 loading class java/util/SortedSet$1 done
Event: 70.007 loading class java/util/stream/SliceOps
Event: 70.008 loading class java/util/stream/SliceOps done
Event: 70.008 loading class java/util/stream/SliceOps$1
Event: 70.009 loading class java/util/stream/SliceOps$1 done
Event: 70.011 loading class java/util/stream/SliceOps$1$1
Event: 70.011 loading class java/util/stream/SliceOps$1$1 done
Event: 70.427 loading class java/nio/ShortBuffer
Event: 70.428 loading class java/nio/ShortBuffer done
Event: 70.464 loading class java/nio/ByteBufferAsShortBufferL
Event: 70.465 loading class java/nio/ByteBufferAsShortBufferL done
Event: 70.501 loading class java/util/zip/Adler32
Event: 70.502 loading class java/util/zip/Adler32 done
Event: 70.740 loading class java/io/PushbackInputStream
Event: 70.741 loading class java/io/PushbackInputStream done
Event: 70.980 Thread 0x000001ea770cbd10 Thread added: 0x000001ea770cbd10
Event: 71.477 loading class java/nio/BufferUnderflowException
Event: 71.478 loading class java/nio/BufferUnderflowException done


Dynamic libraries:
0x00007ff6333a0000 - 0x00007ff6333aa000 	C:\Program Files\Android\Android Studio\jbr\bin\java.exe
0x00007ff88c830000 - 0x00007ff88ca28000 	C:\WINDOWS\SYSTEM32\ntdll.dll
0x00007ff88b800000 - 0x00007ff88b8bf000 	C:\WINDOWS\System32\KERNEL32.DLL
0x00007ff88a130000 - 0x00007ff88a426000 	C:\WINDOWS\System32\KERNELBASE.dll
0x00007ff88a460000 - 0x00007ff88a560000 	C:\WINDOWS\System32\ucrtbase.dll
0x00007ff869d50000 - 0x00007ff869d6b000 	C:\Program Files\Android\Android Studio\jbr\bin\VCRUNTIME140.dll
0x00007ff868b20000 - 0x00007ff868b37000 	C:\Program Files\Android\Android Studio\jbr\bin\jli.dll
0x00007ff88a890000 - 0x00007ff88aa2d000 	C:\WINDOWS\System32\USER32.dll
0x00007ff88a430000 - 0x00007ff88a452000 	C:\WINDOWS\System32\win32u.dll
0x00007ff88b7d0000 - 0x00007ff88b7fc000 	C:\WINDOWS\System32\GDI32.dll
0x00007ff88a770000 - 0x00007ff88a885000 	C:\WINDOWS\System32\gdi32full.dll
0x00007ff8774e0000 - 0x00007ff87777a000 	C:\WINDOWS\WinSxS\amd64_microsoft.windows.common-controls_6595b64144ccf1df_6.0.19041.1110_none_60b5254171f9507e\COMCTL32.dll
0x00007ff88a610000 - 0x00007ff88a6ad000 	C:\WINDOWS\System32\msvcp_win.dll
0x00007ff88bcd0000 - 0x00007ff88bd6e000 	C:\WINDOWS\System32\msvcrt.dll
0x00007ff88b2b0000 - 0x00007ff88b2e0000 	C:\WINDOWS\System32\IMM32.DLL
0x00007ff8849b0000 - 0x00007ff8849bc000 	C:\Program Files\Android\Android Studio\jbr\bin\vcruntime140_1.dll
0x00007ff831290000 - 0x00007ff83131d000 	C:\Program Files\Android\Android Studio\jbr\bin\msvcp140.dll
0x00007fffe8850000 - 0x00007fffe94bd000 	C:\Program Files\Android\Android Studio\jbr\bin\server\jvm.dll
0x00007ff88b930000 - 0x00007ff88b9df000 	C:\WINDOWS\System32\ADVAPI32.dll
0x00007ff88c4f0000 - 0x00007ff88c58c000 	C:\WINDOWS\System32\sechost.dll
0x00007ff88aa30000 - 0x00007ff88ab56000 	C:\WINDOWS\System32\RPCRT4.dll
0x00007ff874000000 - 0x00007ff874009000 	C:\WINDOWS\SYSTEM32\WSOCK32.dll
0x00007ff88bb90000 - 0x00007ff88bbfb000 	C:\WINDOWS\System32\WS2_32.dll
0x00007ff872f70000 - 0x00007ff872f97000 	C:\WINDOWS\SYSTEM32\WINMM.dll
0x00007ff87fcc0000 - 0x00007ff87fcca000 	C:\WINDOWS\SYSTEM32\VERSION.dll
0x00007ff888740000 - 0x00007ff888752000 	C:\WINDOWS\SYSTEM32\kernel.appcore.dll
0x00007ff8849a0000 - 0x00007ff8849aa000 	C:\Program Files\Android\Android Studio\jbr\bin\jimage.dll
0x00007ff887c70000 - 0x00007ff887e54000 	C:\WINDOWS\SYSTEM32\DBGHELP.DLL
0x00007ff86fc80000 - 0x00007ff86fcb4000 	C:\WINDOWS\SYSTEM32\dbgcore.DLL
0x00007ff889f40000 - 0x00007ff889fc2000 	C:\WINDOWS\System32\bcryptPrimitives.dll
0x00007ff8823f0000 - 0x00007ff882415000 	C:\Program Files\Android\Android Studio\jbr\bin\java.dll
0x00007ff8823d0000 - 0x00007ff8823e8000 	C:\Program Files\Android\Android Studio\jbr\bin\zip.dll
0x00007ff88ab60000 - 0x00007ff88b2a4000 	C:\WINDOWS\System32\SHELL32.dll
0x00007ff887e60000 - 0x00007ff8885f4000 	C:\WINDOWS\SYSTEM32\windows.storage.dll
0x00007ff88b2e0000 - 0x00007ff88b634000 	C:\WINDOWS\System32\combase.dll
0x00007ff8897a0000 - 0x00007ff8897ce000 	C:\WINDOWS\SYSTEM32\Wldp.dll
0x00007ff88bc00000 - 0x00007ff88bcad000 	C:\WINDOWS\System32\SHCORE.dll
0x00007ff88c610000 - 0x00007ff88c665000 	C:\WINDOWS\System32\shlwapi.dll
0x00007ff889e40000 - 0x00007ff889e65000 	C:\WINDOWS\SYSTEM32\profapi.dll
0x00007ff87b320000 - 0x00007ff87b339000 	C:\Program Files\Android\Android Studio\jbr\bin\net.dll
0x00007ff879bd0000 - 0x00007ff879cda000 	C:\WINDOWS\SYSTEM32\WINHTTP.dll
0x00007ff889580000 - 0x00007ff8895ea000 	C:\WINDOWS\system32\mswsock.dll
0x00007ff87b300000 - 0x00007ff87b316000 	C:\Program Files\Android\Android Studio\jbr\bin\nio.dll
0x00007ff87b2f0000 - 0x00007ff87b300000 	C:\Program Files\Android\Android Studio\jbr\bin\verify.dll
0x00007ff878680000 - 0x00007ff8786a7000 	C:\Users\User\.gradle\native\68d5fa5c4cc2d200863cafc0d521ce42e7d3e7ee720ec0a83991735586a16f82\windows-amd64\native-platform.dll
0x00007fffddc00000 - 0x00007fffddd44000 	C:\Users\User\.gradle\native\e376f236ea51e6404a007f0833ffe2c6e607c4080706a723a18a27aeea778392\windows-amd64\native-platform-file-events.dll
0x00007ff8824d0000 - 0x00007ff8824d9000 	C:\Program Files\Android\Android Studio\jbr\bin\management.dll
0x00007ff87bbe0000 - 0x00007ff87bbeb000 	C:\Program Files\Android\Android Studio\jbr\bin\management_ext.dll
0x00007ff88b8c0000 - 0x00007ff88b8c8000 	C:\WINDOWS\System32\PSAPI.DLL
0x00007ff8897e0000 - 0x00007ff8897f8000 	C:\WINDOWS\SYSTEM32\CRYPTSP.dll
0x00007ff888ec0000 - 0x00007ff888ef4000 	C:\WINDOWS\system32\rsaenh.dll
0x00007ff889f10000 - 0x00007ff889f37000 	C:\WINDOWS\System32\bcrypt.dll
0x00007ff889e00000 - 0x00007ff889e2e000 	C:\WINDOWS\SYSTEM32\USERENV.dll
0x00007ff889710000 - 0x00007ff88971c000 	C:\WINDOWS\SYSTEM32\CRYPTBASE.dll
0x00007ff889290000 - 0x00007ff8892cc000 	C:\WINDOWS\SYSTEM32\IPHLPAPI.DLL
0x00007ff88bcb0000 - 0x00007ff88bcb8000 	C:\WINDOWS\System32\NSI.dll
0x00007ff87fcf0000 - 0x00007ff87fd07000 	C:\WINDOWS\SYSTEM32\dhcpcsvc6.DLL
0x00007ff87fcd0000 - 0x00007ff87fced000 	C:\WINDOWS\SYSTEM32\dhcpcsvc.DLL
0x00007ff8892d0000 - 0x00007ff88939a000 	C:\WINDOWS\SYSTEM32\DNSAPI.dll
0x00007ff874d20000 - 0x00007ff874d27000 	C:\WINDOWS\system32\wshunix.dll
0x00007ff8780b0000 - 0x00007ff8780ba000 	C:\Windows\System32\rasadhlp.dll
0x00007ff878200000 - 0x00007ff878282000 	C:\WINDOWS\System32\fwpuclnt.dll

dbghelp: loaded successfully - version: 4.0.5 - missing functions: none
symbol engine: initialized successfully - sym options: 0x614 - pdb path: .;C:\Program Files\Android\Android Studio\jbr\bin;C:\WINDOWS\SYSTEM32;C:\WINDOWS\WinSxS\amd64_microsoft.windows.common-controls_6595b64144ccf1df_6.0.19041.1110_none_60b5254171f9507e;C:\Program Files\Android\Android Studio\jbr\bin\server;C:\Users\User\.gradle\native\68d5fa5c4cc2d200863cafc0d521ce42e7d3e7ee720ec0a83991735586a16f82\windows-amd64;C:\Users\User\.gradle\native\e376f236ea51e6404a007f0833ffe2c6e607c4080706a723a18a27aeea778392\windows-amd64

VM Arguments:
jvm_args: --add-opens=java.base/java.util=ALL-UNNAMED --add-opens=java.base/java.lang=ALL-UNNAMED --add-opens=java.base/java.lang.invoke=ALL-UNNAMED --add-opens=java.prefs/java.util.prefs=ALL-UNNAMED --add-opens=java.base/java.nio.charset=ALL-UNNAMED --add-opens=java.base/java.net=ALL-UNNAMED --add-opens=java.base/java.util.concurrent.atomic=ALL-UNNAMED -Xmx2048m -Dfile.encoding=UTF-8 -Duser.country=UA -Duser.language=uk -Duser.variant 
java_command: org.gradle.launcher.daemon.bootstrap.GradleDaemon 8.0
java_class_path (initial): C:\Users\User\.gradle\wrapper\dists\gradle-8.0-bin\ca5e32bp14vu59qr306oxotwh\gradle-8.0\lib\gradle-launcher-8.0.jar
Launcher Type: SUN_STANDARD

[Global flags]
     intx CICompilerCount                          = 3                                         {product} {ergonomic}
     uint ConcGCThreads                            = 1                                         {product} {ergonomic}
     uint G1ConcRefinementThreads                  = 4                                         {product} {ergonomic}
   size_t G1HeapRegionSize                         = 1048576                                   {product} {ergonomic}
    uintx GCDrainStackTargetSize                   = 64                                        {product} {ergonomic}
   size_t InitialHeapSize                          = 130023424                                 {product} {ergonomic}
   size_t MarkStackSize                            = 4194304                                   {product} {ergonomic}
   size_t MaxHeapSize                              = 2147483648                                {product} {command line}
   size_t MaxNewSize                               = 1287651328                                {product} {ergonomic}
   size_t MinHeapDeltaBytes                        = 1048576                                   {product} {ergonomic}
   size_t MinHeapSize                              = 8388608                                   {product} {ergonomic}
    uintx NonNMethodCodeHeapSize                   = 5832780                                {pd product} {ergonomic}
    uintx NonProfiledCodeHeapSize                  = 122912730                              {pd product} {ergonomic}
    uintx ProfiledCodeHeapSize                     = 122912730                              {pd product} {ergonomic}
    uintx ReservedCodeCacheSize                    = 251658240                              {pd product} {ergonomic}
     bool SegmentedCodeCache                       = true                                      {product} {ergonomic}
   size_t SoftMaxHeapSize                          = 2147483648                             {manageable} {ergonomic}
     bool UseCompressedClassPointers               = true                           {product lp64_product} {ergonomic}
     bool UseCompressedOops                        = true                           {product lp64_product} {ergonomic}
     bool UseG1GC                                  = true                                      {product} {ergonomic}
     bool UseLargePagesIndividualAllocation        = false                                  {pd product} {ergonomic}

Logging:
Log output configuration:
 #0: stdout all=warning uptime,level,tags
 #1: stderr all=off uptime,level,tags

Environment Variables:
JAVA_HOME=C:\Program Files\Java\jdk-17.0.5
PATH=C:\Program Files\Common Files\Oracle\Java\javapath;C:\WINDOWS\system32;C:\WINDOWS;C:\WINDOWS\System32\Wbem;C:\WINDOWS\System32\WindowsPowerShell\v1.0\;C:\WINDOWS\System32\OpenSSH\;C:\Program Files\Apache\Maven\bin;C:\Program Files\Apache\Maven;C:\Program Files\Git\cmd;C:\Program Files\heroku\bin;;C:\Program Files\Docker\Docker\resources\bin;C:\Program Files\nodejs\;C:\Program Files\MySQL\MySQL Shell 8.0\bin\;C:\Users\User\AppData\Local\Microsoft\WindowsApps;C:\Users\User\AppData\Local\Programs\Microsoft VS Code\bin;C:\Program Files\heroku\bin;C:\Users\User\AppData\Roaming\npm;C:\Users\User\AppData\Local\JetBrains\Toolbox\scripts;
USERNAME=User
OS=Windows_NT
PROCESSOR_IDENTIFIER=Intel64 Family 6 Model 126 Stepping 5, GenuineIntel
TMP=C:\Users\User\AppData\Local\Temp
TEMP=C:\Users\User\AppData\Local\Temp



---------------  S Y S T E M  ---------------

OS:
 Windows 10 , 64 bit Build 19041 (10.0.19041.3155)
OS uptime: 1 days 19:30 hours
Hyper-V role detected

CPU: total 4 (initial active 4) (2 cores per cpu, 2 threads per core) family 6 model 126 stepping 5 microcode 0xa8, cx8, cmov, fxsr, ht, mmx, 3dnowpref, sse, sse2, sse3, ssse3, sse4.1, sse4.2, popcnt, lzcnt, tsc, tscinvbit, avx, avx2, aes, erms, clmul, bmi1, bmi2, adx, avx512f, avx512dq, avx512cd, avx512bw, avx512vl, sha, fma, vzeroupper, avx512_vpopcntdq, avx512_vpclmulqdq, avx512_vaes, avx512_vnni, clflush, clflushopt, avx512_vbmi2, avx512_vbmi, hv

Memory: 4k page, system-wide physical 7930M (50M free)
TotalPageFile size 22930M (AvailPageFile size 9M)
current process WorkingSet (physical memory assigned to process): 372M, peak: 372M
current process commit charge ("private bytes"): 498M, peak: 505M

vm_info: OpenJDK 64-Bit Server VM (17.0.6+0-b2043.56-9586694) for windows-amd64 JRE (17.0.6+0-b2043.56-9586694), built on Feb  9 2023 20:06:20 by "androidbuild" with MS VC++ 16.10 / 16.11 (VS2019)

END.
